Using gpu device 1: GRID K2 (CNMeM is disabled, CuDNN not available)
Using Theano backend.
INFO:data_generator:Initialising data generator
INFO:data_generator:Train/val dataset: /data/flickr30k
INFO:data_generator:Input gold descriptions
INFO:__main__:Best checkpoint: checkpoints/random_fixed_seed_1/010-19042016-170121
INFO:data_generator:Initialising vocabulary from pre-defined model
INFO:data_generator:Max seq length 78, setting max_seq_len to 80
INFO:data_generator:Split sizes {'test': 5000, 'train': 145000, 'val': 5070}
INFO:data_generator:Number of words 18013 -> 6770
INFO:data_generator:Retained / Original Tokens: 1764444 / 1785683 (98.81 pc)
INFO:data_generator:Average train sentence length: 12.32 tokens
INFO:models:Building Keras model...
INFO:models:Using image features: True
INFO:models:Using source language features: False
INFO:models:... with weights defined in checkpoints/random_fixed_seed_1/010-19042016-170121
INFO:__main__:Generating test descriptions
INFO:__main__:a man in a red shirt is holding a microphone (-1.030642)
INFO:__main__:a black and white dog is running through a field (-0.686309)
INFO:__main__:a young boy in a red shirt is playing with a ball (-1.228501)
INFO:__main__:a group of people are walking in the snow (-0.878025)
INFO:__main__:a man in a white shirt is working on a roof (-0.991671)
INFO:__main__:a group of people are standing in front of a building (-0.776156)
INFO:__main__:a group of people are standing in front of a building (-0.791655)
INFO:__main__:a man in a white shirt and blue jeans is playing a game (-1.224351)
INFO:__main__:a man in a red shirt is working on a roof (-0.890735)
INFO:__main__:a man in a blue shirt is sitting on a bench (-1.056146)
INFO:__main__:a woman in a white shirt is holding a sign (-1.205253)
INFO:__main__:a group of people are riding bikes on the street (-0.972398)
INFO:__main__:a man in a white shirt is standing in front of a counter (-0.950435)
INFO:__main__:a man in a white shirt is sitting at a table (-0.979346)
INFO:__main__:a group of people are climbing up a rock wall (-0.904675)
INFO:__main__:a man in a blue shirt is doing a bowling ball (-1.095352)
INFO:__main__:a man and a woman are standing on the beach (-1.054572)
INFO:__main__:a man and a woman are sitting at a table in a restaurant (-0.847915)
INFO:__main__:a man and a woman are sitting on a rock in the woods (-0.993318)
INFO:__main__:a group of people are standing in front of a restaurant (-0.896780)
INFO:__main__:a group of people are standing in front of a building (-0.724190)
INFO:__main__:a man in a white shirt and blue shorts is playing a game (-1.055261)
INFO:__main__:a young girl in a pink shirt is jumping on a trampoline (-1.098109)
INFO:__main__:a man and a woman are sitting at a table in a restaurant (-0.839021)
INFO:__main__:a man in a black shirt is talking to a woman in a black (-0.862739)
INFO:__main__:a young boy in a blue shirt is sitting on a couch (-1.077001)
INFO:__main__:a man in a blue shirt is standing in front of a building (-1.002681)
INFO:__main__:a man and a woman are sitting at a table in a restaurant (-0.773749)
INFO:__main__:a man and a woman are sitting on a bench (-0.971792)
INFO:__main__:a man in a white shirt is sitting in a chair (-0.955774)
INFO:__main__:a man is riding a bike on a dirt road (-0.926888)
INFO:__main__:a group of people are standing in front of a large crowd (-0.950598)
INFO:__main__:a woman in a bathing suit is standing on the beach (-1.122274)
INFO:__main__:a man in a white shirt is standing in front of a store (-0.960016)
INFO:__main__:a man in a blue shirt is standing on the beach (-1.035864)
INFO:__main__:a group of people are sitting at a table in a restaurant (-0.883383)
INFO:__main__:a man in a white shirt is sitting on a bench (-0.974148)
INFO:__main__:a man in a white shirt and blue jeans is standing in front of (-0.972003)
INFO:__main__:a man in a white shirt is sitting at a table (-1.002551)
INFO:__main__:a man in a blue shirt is standing on the beach (-1.083026)
INFO:__main__:a man in a blue shirt is swimming in a pool (-1.122727)
INFO:__main__:a man in a blue shirt is standing in front of a building (-0.898921)
INFO:__main__:a man and a woman are sitting on a bench (-0.928026)
INFO:__main__:a man in a green shirt is sitting at a table (-1.081380)
INFO:__main__:a man is sitting on a bench in front of a building (-0.853811)
INFO:__main__:a man and a woman are standing on the beach (-0.923782)
INFO:__main__:a little girl in a pink shirt is looking at the camera (-1.073398)
INFO:__main__:a man and a woman are sitting on a bench in a park (-0.929442)
INFO:__main__:a man in a white shirt is working on a piece of paper (-1.005263)
INFO:__main__:a man in a white shirt and blue shorts is standing on a beach (-1.109957)
INFO:__main__:a group of people are standing in front of a restaurant (-0.973399)
INFO:__main__:a man in a black shirt is jumping into a pool (-1.021985)
INFO:__main__:a crowd of people are standing in front of a large crowd (-0.865505)
INFO:__main__:a man in a yellow shirt is riding a large wave (-1.081297)
INFO:__main__:a man in a black shirt is walking down the street (-0.883378)
INFO:__main__:a man in a white shirt is running on a grassy field (-1.047041)
INFO:__main__:a group of people are standing on the beach (-0.996528)
INFO:__main__:a man in a red shirt is playing a guitar (-1.097987)
INFO:__main__:a group of people are standing in front of a building (-0.865792)
INFO:__main__:a group of people are standing on a hill (-1.072815)
INFO:__main__:a group of people are running in a park (-1.025129)
INFO:__main__:a man and a woman are sitting at a table in a restaurant (-0.751897)
INFO:__main__:a group of people are running on a sidewalk (-0.987175)
INFO:__main__:a man and a woman are sitting on a bench (-0.928324)
INFO:__main__:a man in a blue shirt is working on a piece of wood (-1.041073)
INFO:__main__:a man and a woman are sitting on a bench in a city (-0.981946)
INFO:__main__:a brown dog is playing with a stick in the snow (-0.786404)
INFO:__main__:a man in a white shirt is sitting at a table (-1.193922)
INFO:__main__:a man in a blue shirt is working on a piece of wood (-0.994500)
INFO:__main__:a man in a white shirt is playing the guitar (-0.923942)
INFO:__main__:a man in a black shirt is singing into a microphone (-0.804772)
INFO:__main__:a woman in a blue shirt is sitting on a dock (-1.120417)
INFO:__main__:a group of people are standing on the beach (-0.836466)
INFO:__main__:a man in a blue shirt is playing a guitar on a sidewalk (-0.960028)
INFO:__main__:a young boy is swimming in a pool (-0.876200)
INFO:__main__:a young boy in a red shirt is playing with a soccer ball (-1.020136)
INFO:__main__:a man and a woman are standing in front of a building (-0.869006)
INFO:__main__:a brown dog is running through a field (-0.747228)
INFO:__main__:a man and a woman are walking down a path in the woods (-0.910138)
INFO:__main__:a woman in a white dress is walking down the street (-0.935650)
INFO:__main__:a man in a blue shirt is standing in front of a store (-0.993788)
INFO:__main__:a man in a white shirt is sitting at a table (-1.086558)
INFO:__main__:a man in a white shirt is talking to a woman in a white (-0.926198)
INFO:__main__:a basketball player in a white uniform is about to hit the ball (-1.016787)
INFO:__main__:a man in a white shirt is working on a piece of paper (-0.970527)
INFO:__main__:a man in a blue shirt is jumping into the water (-1.092953)
INFO:__main__:a man in a white shirt is standing in front of a store (-0.971491)
INFO:__main__:a group of people are standing in front of a building (-0.769999)
INFO:__main__:a man in a white shirt is sitting at a table (-0.965743)
INFO:__main__:a young boy in a blue shirt is playing with a toy (-1.050158)
INFO:__main__:a man and a woman are sitting on a bench in a park (-0.959627)
INFO:__main__:a man in a white shirt is cooking on a grill (-0.956642)
INFO:__main__:a black and white dog is running through the water (-0.818781)
INFO:__main__:a man in a black shirt is talking on a cellphone (-0.886668)
INFO:__main__:a man and a woman are sitting at a table in a restaurant (-0.888321)
INFO:__main__:a young boy in a blue shirt is playing with a toy (-1.062784)
INFO:__main__:a group of people are standing in front of a large tree (-0.898381)
INFO:__main__:a little girl in a pink shirt is looking at the camera (-1.008639)
INFO:__main__:a group of people are sitting at a table in a restaurant (-0.844522)
INFO:__main__:a young boy in a red shirt is playing with a soccer ball (-0.909457)
INFO:__main__:a man in a white shirt is sitting at a table in a restaurant (-0.939304)
INFO:__main__:a man in a red shirt is standing in front of a truck (-1.176120)
INFO:__main__:a football player in a red jersey is about to throw a ball (-1.043549)
INFO:__main__:a man in a blue shirt is working on a train (-0.953319)
INFO:__main__:a man and a woman are standing in the snow (-0.929513)
INFO:__main__:a man in a red shirt is climbing a rock wall (-1.009399)
INFO:__main__:a man in a blue shirt is standing in front of a building (-0.912316)
INFO:__main__:a man in a white shirt is sitting at a table (-1.024796)
INFO:__main__:a black dog is running through the water (-0.735318)
INFO:__main__:a man and a woman are sitting on a rock in the ocean (-0.984031)
INFO:__main__:a man and a woman are sitting on a bench (-1.082241)
INFO:__main__:a group of people are riding bikes on a sidewalk (-0.976108)
INFO:__main__:a black and white dog is running through the water (-0.696596)
INFO:__main__:a man and a woman are talking to each other (-0.888666)
INFO:__main__:a man in a white shirt is sitting on a couch (-1.011699)
INFO:__main__:a young boy in a blue shirt is looking at the camera (-1.081439)
INFO:__main__:a man and a woman are walking along a beach (-1.031747)
INFO:__main__:a man and a woman are standing in front of a train (-0.957601)
INFO:__main__:a man in a white shirt is standing in front of a building (-0.841175)
INFO:__main__:a dog is running through the snow with a stick in its mouth (-0.776219)
INFO:__main__:a group of people are standing in front of a building (-0.894658)
INFO:__main__:a young boy is sleeping on a couch (-1.072670)
INFO:__main__:a man in a black shirt is sitting in a chair (-0.906462)
INFO:__main__:a man in a black shirt is sitting at a table (-1.010301)
INFO:__main__:a group of people are walking down the street (-0.871113)
INFO:__main__:a black and white dog is running through a field (-0.781062)
INFO:__main__:a young boy in a blue shirt is sitting in a chair (-1.122506)
INFO:__main__:a man in a yellow shirt is standing in a boat (-1.102662)
INFO:__main__:a man in a blue shirt is sitting on a bench (-1.049828)
INFO:__main__:a man in a blue shirt is walking down the sidewalk (-1.012134)
INFO:__main__:a man in a blue shirt is walking down the street (-0.911406)
INFO:__main__:a black and white dog is running through a grassy field (-0.809041)
INFO:__main__:a man in a red shirt is standing in front of a car (-1.008769)
INFO:__main__:a man in a black shirt is jumping off a ramp (-1.126567)
INFO:__main__:a young boy in a red shirt is sitting on a couch (-1.034049)
INFO:__main__:a man in a yellow shirt is standing on a roof (-1.122223)
INFO:__main__:a group of people are sitting around a table in a restaurant (-0.825729)
INFO:__main__:a group of people are standing in front of a building (-0.892837)
INFO:__main__:a man in a white shirt is riding a surfboard on a beach (-1.095542)
INFO:__main__:a man in a red jacket is standing in the snow (-0.978760)
INFO:__main__:a brown dog is running through a grassy field (-0.805165)
INFO:__main__:a man in a black shirt and sunglasses is holding a microphone (-1.078317)
INFO:__main__:a group of people are sitting on a bench (-1.082354)
INFO:__main__:a man in a red shirt is standing in front of a microphone (-1.070956)
INFO:__main__:a little girl in a pink dress is playing with a toy (-1.057401)
INFO:__main__:a brown dog is running through the snow (-0.811141)
INFO:__main__:a man in a white shirt is sitting at a table (-1.075401)
INFO:__main__:a man and a woman are sitting at a table in a restaurant (-0.754857)
INFO:__main__:a man in a white shirt and blue shorts is playing tennis (-0.947143)
INFO:__main__:a little boy is playing with a toy in the water (-0.963348)
INFO:__main__:a man and a woman are sitting at a table in a restaurant (-0.924448)
INFO:__main__:a man in a black shirt is standing on a roof (-1.086718)
INFO:__main__:a man in a white shirt is talking to a woman in a white (-0.901127)
INFO:__main__:a man and a woman are sitting on a boat in the water (-0.954774)
INFO:__main__:a man and a woman are walking down a path in the woods (-0.975270)
INFO:__main__:a little girl in a pink shirt is jumping on a trampoline (-0.970973)
INFO:__main__:a man in a blue shirt is holding a camera (-1.161556)
INFO:__main__:a little boy in a red shirt is playing with a toy (-1.030057)
INFO:__main__:a man in a blue shirt is sitting at a table with a blue (-1.109028)
INFO:__main__:a man in a black shirt is holding a microphone (-1.043886)
INFO:__main__:a little girl in a pink dress is sitting on a couch (-0.975301)
INFO:__main__:a black and white dog is running through the snow (-0.844045)
INFO:__main__:a black and white dog is running through a field (-0.860751)
INFO:__main__:a black and white dog is running through a field (-0.938697)
INFO:__main__:a man and a woman are sitting at a table in a restaurant (-0.784180)
INFO:__main__:a man and a woman are standing in front of a building (-0.920817)
INFO:__main__:a black and white dog is running through the grass (-0.697004)
INFO:__main__:a brown dog is running through the snow (-0.666704)
INFO:__main__:a brown dog is running on the beach (-0.832219)
INFO:__main__:a man in a white shirt is holding a baby (-1.143034)
INFO:__main__:a man in a black shirt is talking to a woman in a black (-0.911394)
INFO:__main__:a group of people are riding on a beach (-0.915416)
INFO:__main__:a man in a white shirt is sitting in a chair (-0.934847)
INFO:__main__:a man in a black shirt is playing a guitar on a sidewalk (-0.923091)
INFO:__main__:a young boy in a blue shirt is playing with a soccer ball (-0.942904)
INFO:__main__:a man in a red shirt is climbing a rock wall (-0.900494)
INFO:__main__:a black and white dog is playing with a ball in its mouth (-0.865509)
INFO:__main__:a woman in a red shirt is holding a baby (-1.251036)
INFO:__main__:a woman in a white shirt is holding a baby (-1.209718)
INFO:__main__:a young boy in a red shirt is running on a sidewalk (-1.098833)
INFO:__main__:a man in a white shirt is sitting in a chair (-1.003126)
INFO:__main__:a man in a white shirt is talking on a cellphone (-0.943248)
INFO:__main__:a man in a red shirt is standing in front of a store (-1.043277)
INFO:__main__:a man in a black shirt is holding a stick in his mouth (-1.131684)
INFO:__main__:a man in a cowboy hat is riding a horse in a rodeo (-0.900177)
INFO:__main__:a man in a blue shirt is working on a train (-1.002664)
INFO:__main__:a brown dog and a brown dog are playing in the grass (-0.821794)
INFO:__main__:a group of people are standing in front of a building (-0.897591)
INFO:__main__:a brown and white dog is running through a field (-0.736451)
INFO:__main__:a group of people are standing in front of a building (-0.815616)
INFO:__main__:a man in a white shirt is standing in front of a store (-1.006006)
INFO:__main__:a man in a blue shirt is playing a guitar (-0.954389)
INFO:__main__:a young boy in a blue shirt is running on a field (-1.045753)
INFO:__main__:a man in a red shirt is riding a motorcycle (-0.977960)
INFO:__main__:a little girl in a pink dress is sitting on a couch (-1.071214)
INFO:__main__:a man in a black shirt is talking on a cellphone (-0.877607)
INFO:__main__:a black and white dog is running through the snow (-0.811104)
INFO:__main__:a man in a white shirt is walking down the street (-0.933762)
INFO:__main__:a group of people are standing in front of a building (-0.874082)
INFO:__main__:a man is sitting on a bench in front of a building (-0.844503)
INFO:__main__:a black and white dog is running through the water (-0.820326)
INFO:__main__:a group of people are sitting around a table in a restaurant (-0.739343)
INFO:__main__:a group of people are standing in front of a large crowd (-0.860792)
INFO:__main__:a man in a white shirt is holding a sign (-1.096436)
INFO:__main__:a group of people are standing in front of a building (-0.842978)
INFO:__main__:a black and white dog jumps over a hurdle (-0.778129)
INFO:__main__:a brown and white dog is jumping over a hurdle (-0.900657)
INFO:__main__:a man in a red shirt is working on a train (-1.045758)
INFO:__main__:a man in a hard hat is working on a piece of wood (-0.947130)
INFO:__main__:a man in a blue shirt is standing in front of a crowd (-0.966961)
INFO:__main__:a man in a blue shirt is standing in front of a building (-0.872440)
INFO:__main__:a woman in a black dress is walking down the sidewalk (-0.902304)
INFO:__main__:a man in a black shirt is playing a guitar (-0.970802)
INFO:__main__:a young boy in a white shirt and blue shorts is playing tennis (-1.051569)
INFO:__main__:a man in a red shirt is riding a bike (-1.018497)
INFO:__main__:a man and a woman are sitting on a boat in the water (-0.998933)
INFO:__main__:a group of people are sitting around a table in a room (-0.884035)
INFO:__main__:a man and a woman are dancing in front of a crowd (-0.791306)
INFO:__main__:a man and a woman are sitting on a boat in the water (-0.905834)
INFO:__main__:a man and a woman are walking down the street (-0.850105)
INFO:__main__:a man in a blue shirt is sitting on a bench (-0.915879)
INFO:__main__:a group of people are standing in front of a crowd of people (-0.941135)
INFO:__main__:a man in a black shirt is sleeping on a couch (-0.891829)
INFO:__main__:a man and a woman are sitting in a field (-1.157917)
INFO:__main__:a man in a blue shirt is standing on a large rock (-1.066726)
INFO:__main__:a man in a yellow shirt is standing on a dock (-1.068740)
INFO:__main__:a man in a red shirt is standing on a bridge (-1.066107)
INFO:__main__:a little girl in a pink dress is playing with a hula hoop (-1.051553)
INFO:__main__:a large group of people are standing in front of a building (-0.859448)
INFO:__main__:a man in a white shirt is sitting at a table (-0.964967)
INFO:__main__:a group of people are sitting around a table (-0.927712)
INFO:__main__:a young girl in a pink dress is jumping on a trampoline (-1.025485)
INFO:__main__:a black and white dog jumps over a hurdle (-0.664749)
INFO:__main__:a brown dog and a brown dog are playing in the snow (-0.796957)
INFO:__main__:a brown dog is running through a grassy field (-0.743605)
INFO:__main__:a man in a white shirt is playing a guitar (-0.849707)
INFO:__main__:a man with a beard and a beard is standing in a crowd (-1.134470)
INFO:__main__:a man and a woman are sitting on a rock in the water (-0.946030)
INFO:__main__:a brown dog is running through the grass (-0.848441)
INFO:__main__:a man in a white shirt is walking down the street (-0.909845)
INFO:__main__:a man in a white shirt is sitting at a table (-1.040091)
INFO:__main__:a man and a woman are standing in front of a store (-0.948139)
INFO:__main__:a woman in a black dress is holding a microphone (-1.126849)
INFO:__main__:a man in a blue shirt is riding a wave (-1.037539)
INFO:__main__:a man and a woman are walking down a sidewalk (-0.918581)
INFO:__main__:a group of people are standing in front of a truck (-0.973285)
INFO:__main__:a young girl in a pink shirt is jumping on a trampoline (-1.049988)
INFO:__main__:a man in a black shirt is holding a microphone (-1.115358)
INFO:__main__:a man in a red shirt is standing in front of a truck (-1.006570)
INFO:__main__:a brown dog is running through a field (-0.761429)
INFO:__main__:a young boy in a red shirt is playing with a toy (-1.058180)
INFO:__main__:a man and a woman are walking in the grass (-1.020517)
INFO:__main__:a group of people are standing in front of a building (-0.786153)
INFO:__main__:a man in a white shirt is riding a horse (-0.992393)
INFO:__main__:a man is sitting on a bench in front of a building (-0.901393)
INFO:__main__:a man and a woman are sitting on a bench in a park (-0.906984)
INFO:__main__:a man in a blue shirt is standing in front of a computer (-0.924034)
INFO:__main__:a group of people are standing in front of a building (-0.873453)
INFO:__main__:a man in a blue shirt is walking down the street (-0.962232)
INFO:__main__:a man in a blue shirt is standing in front of a building (-1.051456)
INFO:__main__:a man and a woman are standing in front of a building (-0.886667)
INFO:__main__:a man in a blue shirt is sitting on a bench (-0.982026)
INFO:__main__:a man is standing on a rock in the middle of the ocean (-1.009874)
INFO:__main__:a black and white dog is running through a grassy field (-0.757434)
INFO:__main__:a man in a white shirt is skateboarding on a ramp (-0.972502)
INFO:__main__:a man in a blue shirt is walking down the street (-0.973486)
INFO:__main__:a man in a white shirt is standing in front of a building (-0.963658)
INFO:__main__:a group of people are standing in front of a building (-0.816594)
INFO:__main__:a man in a white shirt is playing a guitar (-0.964706)
INFO:__main__:a young boy in a blue shirt is playing in the water (-1.076971)
INFO:__main__:a man and a woman are sitting on a bench in a park (-0.985085)
INFO:__main__:a young girl in a bathing suit jumping into a pool (-0.984587)
INFO:__main__:a man and a woman are sitting at a table in a restaurant (-0.806235)
INFO:__main__:a little girl in a pink dress is sitting on a couch (-1.116003)
INFO:__main__:a black and white dog jumps over a hurdle (-0.642860)
INFO:__main__:a man in a black shirt is playing a guitar (-0.989638)
INFO:__main__:a man in a blue shirt is sitting on a bench (-1.083878)
INFO:__main__:a large group of people are sitting on a bench in a park (-0.910592)
INFO:__main__:a young boy in a blue shirt is playing with a toy (-1.133497)
INFO:__main__:a black and white dog is running through the grass (-0.716981)
INFO:__main__:a man is sitting on a bench in front of a building (-0.814466)
INFO:__main__:a black and white dog jumps over a hurdle (-0.689188)
INFO:__main__:a young boy in a red shirt is sitting on a swing (-0.995136)
INFO:__main__:a man and a woman are talking to each other (-0.860066)
INFO:__main__:a man in a white shirt is standing in front of a counter (-1.031510)
INFO:__main__:a brown and white dog is running through a field (-0.743626)
INFO:__main__:a group of people are standing in front of a large crowd (-0.968141)
INFO:__main__:a man and a woman are standing on a rock (-1.025875)
INFO:__main__:a man and a woman are walking down the street (-0.909904)
INFO:__main__:a man in a white shirt is sitting on a bench (-1.072127)
INFO:__main__:a person in a red helmet is riding a bike (-1.034645)
INFO:__main__:a young boy in a blue shirt is playing with a ball (-1.115514)
INFO:__main__:a man and a woman are walking down the street (-0.938812)
INFO:__main__:a man in a blue shirt is walking down the street (-0.933980)
INFO:__main__:a man in a blue shirt is walking on the beach (-1.017315)
INFO:__main__:a man in a white shirt is standing in front of a building (-0.988917)
INFO:__main__:a soccer player in a red jersey is about to throw a ball (-1.085649)
INFO:__main__:a young boy wearing a red shirt and blue shorts is running (-1.029780)
INFO:__main__:a young boy in a red shirt is running on a field (-1.070840)
INFO:__main__:a man in a white shirt is talking to a woman in a white (-0.919550)
INFO:__main__:a man in a red shirt is riding a skateboard on a ramp (-1.007813)
INFO:__main__:a young girl in a pink dress is sitting on a couch (-1.054266)
INFO:__main__:a man in a red shirt is standing in front of a building (-0.933291)
INFO:__main__:a man in a white shirt and blue shorts is running (-1.107442)
INFO:__main__:a man in a white shirt is working on a grill (-0.944666)
INFO:__main__:a man and a woman are walking down the street (-0.902510)
INFO:__main__:a basketball player in a red jersey is about to hit the ball (-1.045227)
INFO:__main__:a football player in a red jersey is about to hit the ball (-1.006684)
INFO:__main__:a group of people are riding horses in a field (-1.088993)
INFO:__main__:a large crowd of people are standing in front of a large crowd (-0.860534)
INFO:__main__:a young girl in a pink shirt is jumping in the air (-1.033814)
INFO:__main__:a group of people are running in a park (-1.095481)
INFO:__main__:a man and a woman are walking down the street (-0.936027)
INFO:__main__:a black and white dog is running through the snow (-0.765643)
INFO:__main__:a man in a white shirt is sitting on a couch (-1.049906)
INFO:__main__:a man in a red shirt is standing in front of a crowd (-1.070473)
INFO:__main__:a man in a blue shirt is riding a bicycle (-0.956091)
INFO:__main__:a man in a black shirt is sitting on a bench (-1.042561)
INFO:__main__:a man in a red shirt is standing in front of a store (-0.982932)
INFO:__main__:a man in a wetsuit is surfing a wave (-0.958281)
INFO:__main__:a young boy in a red shirt is playing with a soccer ball (-0.986055)
INFO:__main__:a soccer player in a red jersey is about to hit the ball (-1.012615)
INFO:__main__:a man in a white shirt is standing in front of a store (-1.035329)
INFO:__main__:a young boy in a red shirt is sleeping on a couch (-1.011169)
INFO:__main__:a woman in a white shirt is sitting at a table (-1.041503)
INFO:__main__:a man and a woman are sitting on a bench in a park (-0.893042)
INFO:__main__:a man in a black shirt and black pants is riding a bicycle (-1.105995)
INFO:__main__:a man in a white shirt is standing in front of a building (-0.941787)
INFO:__main__:a man in a white shirt is holding a microphone (-1.010682)
INFO:__main__:a young boy in a red shirt is playing soccer (-1.042419)
INFO:__main__:a little girl in a pink dress is sitting on a couch (-1.051155)
INFO:__main__:a man in a white shirt is playing the guitar (-0.870278)
INFO:__main__:a woman in a white shirt is holding a baby (-1.182601)
INFO:__main__:a group of people are standing in front of a building (-0.837490)
INFO:__main__:a group of people are standing in front of a large building (-0.825782)
INFO:__main__:a large group of people are standing in front of a building (-0.873087)
INFO:__main__:a group of people are standing in front of a building (-0.933121)
INFO:__main__:a man and a woman are walking down the street (-0.875825)
INFO:__main__:a man in a black shirt is playing a guitar (-0.908158)
INFO:__main__:a man is surfing on a surfboard in the ocean (-1.042603)
INFO:__main__:a man in a blue shirt is working on a rock (-1.050435)
INFO:__main__:a man in a white shirt is holding a sign (-1.141230)
INFO:__main__:a man in a red and white uniform is playing a game (-1.220996)
INFO:__main__:a brown and white dog is running through a field (-0.663335)
INFO:__main__:a man in a white shirt is sleeping on a couch (-0.930120)
INFO:__main__:a man in a blue shirt is standing in front of a building (-0.939574)
INFO:__main__:a man in a blue shirt is climbing a rock wall (-0.854317)
INFO:__main__:a man in a white shirt is standing in front of a building (-0.924073)
INFO:__main__:a man in a white shirt is playing a guitar (-1.021781)
INFO:__main__:a man and a woman are walking in the woods (-1.003182)
INFO:__main__:a woman in a white shirt is talking to a man in a white (-0.942611)
INFO:__main__:a man in a white shirt is playing a guitar (-1.042846)
INFO:__main__:a man in a white shirt is sitting at a table (-0.978980)
INFO:__main__:a man and a woman are standing in front of a store (-0.917960)
INFO:__main__:a man is riding a bike on a dirt road (-0.885179)
INFO:__main__:a man and a woman are standing on the beach (-0.924390)
INFO:__main__:a white dog is jumping into the water (-0.934815)
INFO:__main__:a group of people are standing in front of a building (-0.787121)
INFO:__main__:a little girl in a pink shirt is sitting on a couch (-1.083720)
INFO:__main__:a man in a red shirt and black pants is riding a skateboard (-1.073031)
INFO:__main__:a man in a blue shirt is walking down the street (-0.936300)
INFO:__main__:a man in a blue shirt is playing a guitar (-0.942643)
INFO:__main__:a group of people are dancing in a gym (-1.207046)
INFO:__main__:a brown dog is running through the water (-0.692978)
INFO:__main__:a group of people are playing instruments on a stage (-0.967088)
INFO:__main__:a little girl in a pink dress is sitting on a bench (-1.032457)
INFO:__main__:a man and a woman are sitting at a table in a restaurant (-0.871803)
INFO:__main__:a little boy in a red shirt is playing with a toy (-1.002958)
INFO:__main__:a man in a white shirt is holding a microphone (-1.094274)
INFO:__main__:a black and white dog is running through the snow (-0.677201)
INFO:__main__:a basketball player in a red jersey is about to hit the ball (-0.996551)
INFO:__main__:a man in a red shirt is climbing up a rock (-0.990871)
INFO:__main__:a man in a blue shirt is riding a skateboard down the street (-1.021343)
INFO:__main__:a brown dog is running through the water (-0.763763)
INFO:__main__:a group of people are riding bikes on the street (-0.967934)
INFO:__main__:a man in a black shirt is standing in front of a building (-0.921917)
INFO:__main__:a black and white dog is running through the snow (-0.661304)
INFO:__main__:a football player in a red jersey is about to throw a football (-0.987852)
INFO:__main__:a man and a woman are sitting at a table in a restaurant (-0.763285)
INFO:__main__:a group of people are standing in front of a microphone (-0.941802)
INFO:__main__:a man in a white shirt is playing a guitar (-0.904933)
INFO:__main__:a soccer player in a red jersey is about to hit a ball (-1.029817)
INFO:__main__:a man in a red jacket and black pants is riding a sled (-1.213551)
INFO:__main__:a man in a white shirt is sitting at a table (-1.015856)
INFO:__main__:a man and a woman are sitting at a table in a restaurant (-0.895285)
INFO:__main__:a man and a woman are standing in front of a building (-0.934728)
INFO:__main__:a black and white dog is jumping over a hurdle (-0.812507)
INFO:__main__:a man in a white shirt and white shorts is playing tennis (-1.048356)
INFO:__main__:a group of people sitting on a bench in front of a building (-1.022963)
INFO:__main__:a man in a white shirt is walking down the street (-0.892305)
INFO:__main__:a man in a white shirt and blue shorts is doing a trick on (-1.227733)
INFO:__main__:a man in a blue shirt is sitting on a rock (-1.177566)
INFO:__main__:a group of people are standing in front of a building (-0.850323)
INFO:__main__:a man in a black shirt is sitting at a desk (-0.976367)
INFO:__main__:a man in a red shirt is playing a guitar (-0.978149)
INFO:__main__:a man in a blue shirt is walking down the street (-0.968197)
INFO:__main__:a black and white dog is running through a field (-0.718485)
INFO:__main__:a black and white dog is running through a field (-0.739769)
INFO:__main__:a man and a woman are walking on the beach (-0.885340)
INFO:__main__:a man and a woman are sitting on a rock in the woods (-0.970217)
INFO:__main__:a man and a woman are walking in the grass (-1.041564)
INFO:__main__:a group of people are standing in front of a building (-0.810378)
INFO:__main__:a woman in a white dress is walking down the street (-0.938797)
INFO:__main__:a man in a black shirt is playing a guitar on a stage (-0.959075)
INFO:__main__:a man in a black shirt is standing in front of a building (-0.907821)
INFO:__main__:a man is doing a trick on a ramp (-1.033694)
INFO:__main__:a man in a white shirt is riding a horse in a rodeo (-1.017800)
INFO:__main__:a man and a woman are walking down a snowy hill (-1.021063)
INFO:__main__:a man in a red jacket and a woman in a red jacket are (-1.127589)
INFO:__main__:a man in a white shirt is standing in front of a store (-0.918885)
INFO:__main__:a man in a white shirt is standing in front of a building (-0.888460)
INFO:__main__:a man and a woman are sitting at a table in a restaurant (-0.795883)
INFO:__main__:a group of people are sitting on the ground (-1.050917)
INFO:__main__:a man in a blue shirt is riding a skateboard on a sidewalk (-0.984290)
INFO:__main__:a man in a white shirt and white shorts is playing tennis (-0.933012)
INFO:__main__:a brown dog is running through the snow (-0.704849)
INFO:__main__:a young boy in a red shirt is playing with a toy (-1.211317)
INFO:__main__:a man in a blue shirt is working on a piece of wood (-0.966564)
INFO:__main__:a man in a cowboy hat is riding a horse in a rodeo (-0.935244)
INFO:__main__:a black and white dog is running through the snow (-0.654016)
INFO:__main__:a man in a black shirt is playing a guitar (-0.962626)
INFO:__main__:a black and white dog is running through a field (-0.767269)
INFO:__main__:two hockey players are competing in a hockey game (-0.893689)
INFO:__main__:a man in a black shirt is playing a guitar (-0.850326)
INFO:__main__:a brown dog is running through a grassy field (-0.913979)
INFO:__main__:a man in a black shirt is sitting on a bench (-0.924842)
INFO:__main__:a man and a woman are talking to each other (-0.881123)
INFO:__main__:a young boy in a blue shirt is playing in the water (-1.122369)
INFO:__main__:a black and white dog is running through the water (-0.727173)
INFO:__main__:a young girl in a pink shirt is sleeping on a blanket (-1.070916)
INFO:__main__:a little boy in a red shirt is running on a sidewalk (-1.052969)
INFO:__main__:a man in a white shirt is playing a tennis game (-0.941809)
INFO:__main__:a young boy in a bathing suit jumps into a pool (-0.982614)
INFO:__main__:a young boy in a red jacket is playing in the snow (-0.966898)
INFO:__main__:a group of people are standing in front of a building (-0.821311)
INFO:__main__:a group of people are standing in front of a large tree (-0.966749)
INFO:__main__:a group of people are sitting around a table (-1.066054)
INFO:__main__:a woman in a white dress is sleeping on a couch (-1.023062)
INFO:__main__:a black and white dog jumping over a hurdle (-0.718022)
INFO:__main__:a woman in a black dress is walking down the street (-0.886024)
INFO:__main__:a man in a white shirt and blue shorts is playing volleyball (-1.173873)
INFO:__main__:a brown dog is running through the snow (-0.799402)
INFO:__main__:a dog is jumping over a hurdle in a grassy field (-0.985927)
INFO:__main__:a man in a blue shirt is sitting on a bench (-0.877973)
INFO:__main__:a little girl in a pink dress is sitting on the grass (-0.976860)
INFO:__main__:a man in a red shirt is riding a horse in a rodeo (-1.032185)
INFO:__main__:a group of people are sitting on a bench (-1.035022)
INFO:__main__:a man on a bike is jumping over a ramp (-0.957647)
INFO:__main__:a man is sitting on a bench in front of a building (-1.023716)
INFO:__main__:a man in a blue shirt is riding a bike (-0.924006)
INFO:__main__:a man in a blue shirt is sitting on a bench (-0.983886)
INFO:__main__:a group of people are standing in front of a building (-0.771835)
INFO:__main__:a man in a white shirt and black pants is walking down the sidewalk (-1.148304)
INFO:__main__:a man and a woman are sitting at a table in a restaurant (-0.780684)
INFO:__main__:a brown dog is running through a field (-0.702630)
INFO:__main__:a soccer player in a red jersey is about to hit a ball (-1.016223)
INFO:__main__:a man in a black shirt is sitting in a chair (-1.027071)
INFO:__main__:a black and white dog is running through the snow (-0.731386)
INFO:__main__:a young boy in a blue shirt is playing with a toy toy (-1.052615)
INFO:__main__:a young boy in a blue shirt is holding a stick (-1.210948)
INFO:__main__:a group of people are sitting around a table (-0.974049)
INFO:__main__:a man and a woman are standing in front of a building (-0.893850)
INFO:__main__:a man is sitting on a bench in front of a building (-0.925922)
INFO:__main__:a man in a black shirt is talking on a cellphone (-0.915173)
INFO:__main__:a man in a white shirt is cooking food in a kitchen (-1.065331)
INFO:__main__:a man on a bike is riding down a dirt road (-0.987735)
INFO:__main__:a man in a white shirt is working on a piece of wood (-0.985287)
INFO:__main__:a man and a woman are sitting on a bench in a park (-1.012009)
INFO:__main__:a man in a blue shirt is climbing a tree (-1.011618)
INFO:__main__:a man in a cowboy hat is riding a horse in a rodeo (-0.908141)
INFO:__main__:a man in a cowboy hat is riding a horse in a rodeo (-0.971671)
INFO:__main__:a man in a white shirt is holding a drink (-1.129849)
INFO:__main__:a young boy in a red shirt is playing with a toy (-1.106773)
INFO:__main__:a man and a woman are walking down the street (-0.876729)
INFO:__main__:a brown and white dog is running through a field (-0.713957)
INFO:__main__:a man in a black shirt is talking to a woman in a black (-0.943495)
INFO:__main__:a large group of people are standing in front of a building (-0.932903)
INFO:__main__:a man in a red shirt is holding a sign (-1.349330)
INFO:__main__:a brown dog is running through the grass (-0.701533)
INFO:__main__:a young man in a white shirt and blue shorts is playing tennis (-0.969692)
INFO:__main__:a black and white dog is running through a field (-0.788665)
INFO:__main__:a man in a black shirt is surfing on a surfboard (-1.083451)
INFO:__main__:a group of people are standing in front of a building (-0.958152)
INFO:__main__:a man and a woman are sitting on a rock in the woods (-0.961021)
INFO:__main__:a football player in a red jersey is about to throw a football (-0.970358)
INFO:__main__:a man in a white shirt is walking down the street (-0.956649)
INFO:__main__:a man in a white shirt is playing a guitar (-1.100090)
INFO:__main__:a man is climbing up a rock face (-0.922094)
INFO:__main__:a man in a blue shirt is jumping off a ramp (-0.987949)
INFO:__main__:a man in a black shirt is singing into a microphone (-0.806161)
INFO:__main__:a man and a woman are walking down a street (-0.838005)
INFO:__main__:a man in a white shirt is holding a microphone (-1.114181)
INFO:__main__:a man and a woman are sitting at a table in a park (-1.077168)
INFO:__main__:a man in a green shirt is sitting on a bench (-1.043893)
INFO:__main__:a group of people are standing in front of a large tree (-1.059512)
INFO:__main__:a young boy in a red shirt is playing with a red ball (-1.201686)
INFO:__main__:a man and a woman are sitting on a bench (-1.078238)
INFO:__main__:a man in a red shirt is holding a sign (-1.293841)
INFO:__main__:a black dog is running through the snow (-0.725504)
INFO:__main__:a young girl in a pink shirt is playing with a soccer ball (-1.078172)
INFO:__main__:a man in a white shirt is working on a piece of wood (-0.960056)
INFO:__main__:a man in a black shirt is sitting on a bench (-0.934544)
INFO:__main__:a man in a red shirt is holding a microphone (-1.159779)
INFO:__main__:a little girl in a pink dress is sitting on a blanket (-1.042228)
INFO:__main__:a man and a woman are sitting at a table in a restaurant (-0.866082)
INFO:__main__:a little girl in a pink dress is sitting on a rock (-1.056078)
INFO:__main__:a man in a black shirt is standing in front of a building (-0.878825)
INFO:__main__:a man and a woman are walking along the beach (-0.840033)
INFO:__main__:a man and a woman are sitting at a table in a restaurant (-0.821535)
INFO:__main__:a man in a white shirt and blue shorts is playing basketball (-1.140649)
INFO:__main__:a group of people are standing on the beach (-0.998176)
INFO:__main__:a group of people are riding bikes on a dirt road (-0.949707)
INFO:__main__:a man is riding a bike on a dirt road (-0.899912)
INFO:__main__:a woman in a white dress is walking on the beach (-1.026915)
INFO:__main__:a man in a red shirt is sitting on a motorcycle (-1.071799)
INFO:__main__:a man in a blue shirt is standing in front of a firetruck (-1.066547)
INFO:__main__:a man and a woman are sitting on a bench in the water (-0.966587)
INFO:__main__:a man in a red jacket is climbing a rock wall (-0.969116)
INFO:__main__:a man in a blue shirt is riding a bicycle (-0.888609)
INFO:__main__:a man in a black shirt is talking to a woman in a white (-0.915562)
INFO:__main__:a man and a woman are sitting at a table in a restaurant (-1.085495)
INFO:__main__:a man and a woman are walking down the street (-0.835671)
INFO:__main__:a man and a woman are walking down a sidewalk (-1.088393)
INFO:__main__:a basketball player in a red jersey is about to hit the ball (-1.087899)
INFO:__main__:a man in a white shirt is standing in front of a counter (-1.026001)
INFO:__main__:a man in a white shirt is sitting at a table in a restaurant (-0.875375)
INFO:__main__:a group of people are sitting around a table (-1.020196)
INFO:__main__:a man in a blue shirt is sleeping on a couch (-1.004670)
INFO:__main__:a man and a woman are sitting on a bench (-0.989098)
INFO:__main__:a man in a blue shirt is walking down a sidewalk (-0.955868)
INFO:__main__:a man in a blue shirt is sitting on the ground (-1.074918)
INFO:__main__:a man in a blue shirt is sitting on a rock (-1.084615)
INFO:__main__:a man in a white shirt is sitting at a desk (-0.970322)
INFO:__main__:a man and a woman are walking down the street (-0.893675)
INFO:__main__:a young boy in a blue shirt is playing with a toy (-1.036181)
INFO:__main__:a man is sitting at a table in a restaurant (-0.910199)
INFO:__main__:a man is sitting on a bench in front of a building (-0.890007)
INFO:__main__:a group of people are standing in front of a large building (-1.024085)
INFO:__main__:a man in a black shirt is standing in front of a building (-0.912960)
INFO:__main__:a man and a woman are standing in front of a building (-0.859002)
INFO:__main__:a man in a blue shirt is playing a guitar (-0.928628)
INFO:__main__:a man in a white shirt is holding a sign (-1.175608)
INFO:__main__:a man in a white shirt is sitting at a table (-1.019146)
INFO:__main__:a man in a white shirt and white shorts is playing tennis (-0.918230)
INFO:__main__:a man in a red shirt is standing in front of a truck (-1.086173)
INFO:__main__:a man in a black shirt is talking to a woman in a white (-0.929397)
INFO:__main__:a man in a white shirt is standing in front of a store (-0.940604)
INFO:__main__:a man is playing a guitar and singing into a microphone (-0.772042)
INFO:__main__:a group of people are standing in front of a building (-0.883484)
INFO:__main__:a man and a woman are standing on a rock in the ocean (-1.042672)
INFO:__main__:a group of people are sitting at a table in a restaurant (-0.821873)
INFO:__main__:a man and a woman are standing in front of a building (-0.933895)
INFO:__main__:a man and a woman are standing in front of a building (-0.918667)
INFO:__main__:a large group of people are standing in front of a building (-0.860268)
INFO:__main__:a woman in a white dress and a man in a white shirt are (-1.135198)
INFO:__main__:a group of people are standing in front of a building (-0.797526)
INFO:__main__:a man in a red shirt is holding a large stick (-1.229515)
INFO:__main__:a man in a white shirt is sitting at a table (-1.045854)
INFO:__main__:a group of people are sitting around a table (-0.884870)
INFO:__main__:a woman in a white dress is holding a baby (-1.256082)
INFO:__main__:a man and a woman are walking down a path in the woods (-0.899708)
INFO:__main__:a man in a blue shirt is working on a piece of wood (-0.936771)
INFO:__main__:a man in a white shirt is sitting in a chair (-1.021614)
INFO:__main__:a man is sitting on a bench in front of a building (-0.851381)
INFO:__main__:a woman in a white dress is walking down the street (-0.973816)
INFO:__main__:a football player in a red jersey is about to throw a ball (-0.982770)
INFO:__main__:a man is climbing up a rock face (-0.964014)
INFO:__main__:a group of people are standing in front of a building (-0.860605)
INFO:__main__:a man and a woman are sitting at a table in a restaurant (-0.783172)
INFO:__main__:a man in a black shirt is singing into a microphone (-0.837353)
INFO:__main__:a man in a blue shirt is standing in front of a tree (-1.039566)
INFO:__main__:a group of people are standing in front of a building (-0.999645)
INFO:__main__:a group of people are standing in front of a building (-0.822812)
INFO:__main__:a man in a white shirt is sitting at a table (-1.011288)
INFO:__main__:a man in a black shirt is standing in front of a building (-0.932993)
INFO:__main__:a man in a black shirt is sitting in a chair (-0.962038)
INFO:__main__:a man in a white shirt is standing in front of a building (-0.929913)
INFO:__main__:a man and a woman are sitting on a bench (-0.953786)
INFO:__main__:a black and white dog is running on the beach (-0.821828)
INFO:__main__:a brown and white dog is running through a field (-0.768270)
INFO:__main__:a man in a red shirt is playing the guitar (-1.058198)
INFO:__main__:a man and a woman are sitting at a table in a restaurant (-0.758830)
INFO:__main__:a group of people are standing in front of a large crowd (-0.947851)
INFO:__main__:a group of people are standing in front of a firetruck (-1.003444)
INFO:__main__:a man in a blue shirt is riding a motorcycle (-0.917450)
INFO:__main__:a man and a woman are dancing in front of an audience (-0.865842)
INFO:__main__:a man and a woman are dancing in front of a crowd (-0.883413)
INFO:__main__:a man is sitting on a bench in front of a building (-0.873781)
INFO:__main__:a man in a red shirt is climbing a rock (-0.942739)
INFO:__main__:a man in a blue shirt is standing in front of a car (-0.989236)
INFO:__main__:a woman in a white shirt is sitting at a table (-1.030114)
INFO:__main__:a man in a black shirt is playing a guitar (-0.808614)
INFO:__main__:a group of people are sitting at a table in a restaurant (-0.821584)
INFO:__main__:a man and a woman are walking on the beach (-0.912885)
INFO:__main__:a man in a blue shirt is working on a roof (-1.131087)
INFO:__main__:a group of people are standing in front of a store (-0.950901)
INFO:__main__:a man in a blue shirt is walking down a sidewalk (-1.048115)
INFO:__main__:a man in a blue shirt is walking down the street (-0.944241)
INFO:__main__:a man in a white shirt is standing in front of a store (-1.078782)
INFO:__main__:a man in a red shirt is playing a guitar (-0.840146)
INFO:__main__:a brown dog is running through a field (-0.702665)
INFO:__main__:a man in a red shirt is jumping off a sand dune (-1.110424)
INFO:__main__:a man and a woman are standing in front of a crowd (-0.971277)
INFO:__main__:a black dog is running through the snow (-0.928196)
INFO:__main__:a brown and white dog is running through a grassy field (-0.913307)
INFO:__main__:a man in a black shirt is singing into a microphone (-0.851248)
INFO:__main__:a group of people are sitting around a table (-1.117180)
INFO:__main__:a man in a black shirt is singing into a microphone (-0.792003)
INFO:__main__:a brown and white dog is running through a field (-0.731481)
INFO:__main__:a man in a black shirt is holding a camera (-1.083087)
INFO:__main__:a group of people are standing in front of a large crowd (-0.899452)
INFO:__main__:a man in a white shirt is walking down the street (-1.006376)
INFO:__main__:a group of people are standing in front of a restaurant (-0.806587)
INFO:__main__:a little boy in a red shirt is playing with a toy (-1.045515)
INFO:__main__:a man in a blue shirt is sitting on the ground (-1.079237)
INFO:__main__:a man and a woman are sitting at a table in a restaurant (-0.852637)
INFO:__main__:a woman in a white shirt is holding a microphone (-1.223305)
INFO:__main__:a man in a black jacket is walking down the street (-1.007849)
INFO:__main__:a man in a white shirt is standing in front of a store (-0.909619)
INFO:__main__:a man in a black shirt is walking down the street (-0.926721)
INFO:__main__:a young boy in a red shirt is playing soccer (-0.979331)
INFO:__main__:a man in a blue shirt is standing in front of a building (-0.915264)
INFO:__main__:a man in a red shirt is holding a sign (-1.260843)
INFO:__main__:a man and a woman are walking down the street (-0.893143)
INFO:__main__:a man in a red shirt is jumping on a rock (-1.045735)
INFO:__main__:a man and a woman are walking down the street (-0.871560)
INFO:__main__:a man in a red shirt is riding a bicycle (-0.978281)
INFO:__main__:a man in a white shirt is working on a grill (-1.049545)
INFO:__main__:a man in a blue shirt is walking down the street (-0.889304)
INFO:__main__:a man in a black shirt is walking down the street (-0.887036)
INFO:__main__:a man in a white shirt is riding a bike down the street (-0.974239)
INFO:__main__:a man in a blue shirt is standing in front of a building (-0.969630)
INFO:__main__:a man in a black shirt is walking down the street (-0.875647)
INFO:__main__:a man in a black shirt is playing a guitar (-0.932987)
INFO:__main__:a woman in a red shirt is holding a microphone (-1.170970)
INFO:__main__:a man in a blue shirt and a woman in a bathing suit are (-1.140700)
INFO:__main__:a man and a woman are walking down the street (-0.930293)
INFO:__main__:a group of people standing in front of a large building (-0.912769)
INFO:__main__:a large group of people are standing in front of a large crowd (-0.955885)
INFO:__main__:a man and a woman are walking down the street (-0.896653)
INFO:__main__:a group of people are standing in front of a building (-0.841491)
INFO:__main__:a man in a black shirt is standing in front of a building (-0.920327)
INFO:__main__:a man in a blue shirt is walking down the street (-0.904125)
INFO:__main__:a soccer player in a red jersey is about to throw a ball (-1.017987)
INFO:__main__:a man in a white shirt is standing in front of a crowd (-0.931593)
INFO:__main__:a man and a woman are walking down the street (-0.928947)
INFO:__main__:a man in a black shirt is walking down the street (-0.889051)
INFO:__main__:a woman in a white dress is sitting on a couch (-1.062983)
INFO:__main__:a man in a white shirt is holding a microphone (-0.914891)
INFO:__main__:a black and white dog is jumping over a hurdle (-0.930970)
INFO:__main__:a man in a white shirt is sitting at a table (-0.980213)
INFO:__main__:a man and a woman are standing in front of a restaurant (-0.870070)
INFO:__main__:a man and a woman are sitting at a table in a restaurant (-0.807924)
INFO:__main__:a man and a woman are sitting at a table in a restaurant (-0.932805)
INFO:__main__:a man in a blue shirt is walking down a street (-1.015801)
INFO:__main__:a man in a white shirt is standing in front of a building (-1.030646)
INFO:__main__:a woman in a white shirt is sitting at a table in a store (-1.061156)
INFO:__main__:a man in a red shirt is standing in front of a truck (-1.099575)
INFO:__main__:a little boy is playing with a toy in a living room (-1.023193)
INFO:__main__:a man in a blue shirt is sitting on a bench (-0.955027)
INFO:__main__:a man in a blue shirt is walking down the street (-0.879786)
INFO:__main__:a man in a red shirt is playing a guitar in a parade (-1.100566)
INFO:__main__:a man in a white shirt is sitting at a table (-1.051627)
INFO:__main__:a group of people are sitting around a table in a restaurant (-0.835961)
INFO:__main__:a man is doing a trick on his skateboard on a ramp (-0.961076)
INFO:__main__:a woman in a black shirt is sitting in a chair (-0.997614)
INFO:__main__:a man in a blue shirt is walking down the street (-0.992985)
INFO:__main__:a man in a white shirt is holding a microphone (-1.084011)
INFO:__main__:a man in a blue shirt is walking down the street (-0.931579)
INFO:__main__:a man in a black shirt is walking down the street (-0.883896)
INFO:__main__:a man and a woman are talking to each other (-0.882732)
INFO:__main__:a little girl in a pink dress is sitting on a swing (-1.028857)
INFO:__main__:a group of people are running in a park (-0.963874)
INFO:__main__:a man in a red shirt is doing a trick on a skateboard (-1.023508)
INFO:__main__:a man is sitting on a bench in front of a building (-0.818616)
INFO:__main__:a group of people are standing in front of a building (-0.935838)
INFO:__main__:a woman in a white dress is walking down the street (-0.981344)
INFO:__main__:a man in a white shirt is playing a guitar (-1.034698)
INFO:__main__:a man and a woman are walking along the beach (-0.829069)
INFO:__main__:a group of people are standing in front of a building (-0.930744)
INFO:__main__:a man in a red shirt is climbing a rock (-0.951286)
INFO:__main__:a man and a woman are sitting on the beach near the ocean (-0.917623)
INFO:__main__:a man and a woman are walking down the street (-0.853543)
INFO:__main__:a man in a white shirt is playing the guitar (-0.888714)
INFO:__main__:a group of people are standing in front of a building (-0.868097)
INFO:__main__:a man and a woman are sitting on a couch (-1.046676)
INFO:__main__:a man in a blue shirt is standing in front of a car (-1.076895)
INFO:__main__:a man and a woman are walking down the street (-0.937155)
INFO:__main__:a man in a white shirt is playing the guitar (-0.920461)
INFO:__main__:a man in a blue shirt is standing in front of a store (-0.953332)
INFO:__main__:a man in a blue shirt is standing in front of a store (-1.040745)
INFO:__main__:a man and a woman are sitting on a bench (-0.948114)
INFO:__main__:a crowd of people are standing in front of a building (-0.916437)
INFO:__main__:a man in a white shirt is standing in front of a store (-0.971332)
INFO:__main__:a man and a woman are sitting at a table in a restaurant (-0.916353)
INFO:__main__:a man in a blue shirt is sitting at a table (-1.111845)
INFO:__main__:a man and a woman are sitting on a bench (-0.957122)
INFO:__main__:a man in a white shirt and blue jeans is walking down the street (-1.062440)
INFO:__main__:a group of people are standing in front of a building (-0.801469)
INFO:__main__:a man is riding a bike on a dirt road (-0.869760)
INFO:__main__:a group of people are riding bikes in a city (-1.014107)
INFO:__main__:a man in a white shirt is walking down the street (-1.007139)
INFO:__main__:a man is standing on a rock in the forest (-0.987050)
INFO:__main__:a man in a blue shirt and a woman in a white shirt are (-1.110483)
INFO:__main__:a man in a black shirt is sitting on a bench (-1.031779)
INFO:__main__:a man in a white shirt is standing in front of a store (-0.908775)
INFO:__main__:a man in a white shirt is playing a guitar (-1.017840)
INFO:__main__:a man in a black shirt is playing a guitar (-0.934283)
INFO:__main__:a man is sitting on a bench in front of a building (-0.863696)
INFO:__main__:a man and a woman are walking down a sidewalk (-1.044741)
INFO:__main__:a man and a woman are standing in front of a store (-0.931340)
INFO:__main__:a man in a white shirt is holding a sign (-1.205951)
INFO:__main__:a man in a blue shirt is jumping into the water (-1.032392)
INFO:__main__:a woman in a white shirt is looking at the camera (-1.088296)
INFO:__main__:a man in a red shirt is standing in front of a building (-1.047934)
INFO:__main__:a man in a white shirt is standing in front of a building (-0.906725)
INFO:__main__:a man in a white shirt is holding a sign (-1.173676)
INFO:__main__:a man in a cowboy hat is riding a horse in a rodeo (-0.876815)
INFO:__main__:a man in a white shirt is standing in front of a building (-1.019264)
INFO:__main__:a man in a black shirt is talking to a woman in a black (-0.925825)
INFO:__main__:a man in a black shirt is sitting in a chair (-1.000517)
INFO:__main__:a woman in a black shirt is talking to a man in a black (-0.986325)
INFO:__main__:a man and a woman are sitting on a bench (-1.056260)
INFO:__main__:a man and a woman are standing in front of a building (-0.889803)
INFO:__main__:a man in a blue shirt is standing in front of a store (-0.930209)
INFO:__main__:a man and a woman are walking down the street (-0.869546)
INFO:__main__:a brown dog and a brown dog are playing in the grass (-0.778684)
INFO:__main__:a man in a cowboy hat is riding a brown horse (-0.968601)
INFO:__main__:a man in a white shirt is standing in a field (-1.047530)
INFO:__main__:a man in a black shirt is standing in front of a store (-0.943809)
INFO:__main__:a man and a woman are walking down the street (-0.855576)
INFO:__main__:a black and white dog is running through a field (-0.659396)
INFO:__main__:a man in a blue shirt is standing in front of a computer (-0.951884)
INFO:__main__:a brown and white dog is running through the grass (-0.719982)
INFO:__main__:a group of people are standing in front of a building (-0.853225)
INFO:__main__:a man in a white shirt is standing in front of a store (-0.901616)
INFO:__main__:a man in a blue shirt is riding a bike on a sidewalk (-0.988885)
INFO:__main__:a man in a blue shirt is playing a guitar (-0.995859)
INFO:__main__:a man in a blue shirt is sitting on a rock (-1.031685)
INFO:__main__:a man in a blue shirt is standing in front of a building (-1.041213)
INFO:__main__:a man in a blue shirt is standing in front of a building (-1.024999)
INFO:__main__:a group of people are standing in front of a building (-0.817634)
INFO:__main__:a man and a woman are standing in front of a building (-0.824087)
INFO:__main__:a man and a woman are walking down the street (-0.820412)
INFO:__main__:a man is riding a bike on a dirt road (-0.832208)
INFO:__main__:a group of people are walking along a path (-0.945442)
INFO:__main__:a group of people are standing in front of a restaurant (-0.769043)
INFO:__main__:a man is sitting on a bench in front of a building (-0.847523)
INFO:__main__:a man in a white shirt and blue shorts is playing volleyball (-1.091916)
INFO:__main__:a group of people are sitting on a bench in the water (-0.979914)
INFO:__main__:a man and a woman are walking down the street (-0.898508)
INFO:__main__:a man in a white t shirt is playing a golf game (-1.045090)
INFO:__main__:a man in a white shirt is sitting on a bench (-1.110110)
INFO:__main__:a group of people are standing in front of a building (-0.854603)
INFO:__main__:a man in a red shirt is standing on a rock (-1.014134)
INFO:__main__:a young boy in a red shirt is playing with a soccer ball (-0.981587)
INFO:__main__:a group of people are sitting at a table in a restaurant (-0.882751)
INFO:__main__:a man in a blue shirt is playing a guitar (-0.887149)
INFO:__main__:a group of people are standing in front of a restaurant (-0.853928)
INFO:__main__:a group of people are sitting around a table in a restaurant (-0.837547)
INFO:__main__:a man and a woman are sitting on a bench in a park (-0.895166)
INFO:__main__:a man and a woman are standing on the beach (-1.022338)
INFO:__main__:a brown and white dog is running through a field (-0.737004)
INFO:__main__:a group of people are standing in front of a building (-0.799640)
INFO:__main__:a man in a white shirt is playing a guitar (-1.029675)
INFO:__main__:a man in a white shirt is riding a bike (-1.023591)
INFO:__main__:a group of people are standing in front of a building (-0.805774)
INFO:__main__:a group of people are standing in front of a building (-0.881318)
INFO:__main__:a group of people are standing in front of a building (-0.901447)
INFO:__main__:a man in a white shirt is standing in front of a crowd (-0.987644)
INFO:__main__:a man in a red shirt is riding a motorcycle (-0.977502)
INFO:__main__:a man in a white shirt is holding a microphone (-1.150309)
INFO:__main__:a woman in a white shirt is holding a sign (-1.261379)
INFO:__main__:a man in a black shirt is standing in front of a building (-0.849372)
INFO:__main__:a man in a black shirt is talking on a cellphone (-0.853435)
INFO:__main__:a man and a woman are walking down the street (-0.876151)
INFO:__main__:a young boy in a blue shirt is playing with a toy (-1.113554)
INFO:__main__:a man in a white shirt is riding a horse (-1.055713)
INFO:__main__:a man and a woman are walking down a street (-0.846352)
INFO:__main__:two young girls are playing in the water at the beach (-0.886472)
INFO:__main__:a man and a woman are sitting on a bench (-0.977173)
INFO:__main__:a man in a white shirt and black pants is walking down the street (-0.990452)
INFO:__main__:a man in a black shirt is singing into a microphone (-0.781407)
INFO:__main__:a man and a woman are sitting on a bench (-0.904224)
INFO:__main__:a group of people are standing in front of a building (-0.838799)
INFO:__main__:a man in a white shirt and black pants is skateboarding (-1.174887)
INFO:__main__:a little girl in a pink shirt is sitting on a bench (-1.070011)
INFO:__main__:a man and a woman are walking down the street (-0.873058)
INFO:__main__:a group of people are standing in front of a building (-0.714685)
INFO:__main__:a man and a woman are standing in front of a building (-0.946641)
INFO:__main__:a group of people are standing in front of a building (-0.978734)
INFO:__main__:a man in a white shirt is playing the guitar (-1.053775)
INFO:__main__:a man is sitting on a bench in front of a building (-0.847561)
INFO:__main__:a man in a red shirt is riding a bike (-1.059764)
INFO:__main__:a man is sitting on a bench in front of a building (-0.953813)
INFO:__main__:a man and a woman are sitting at a table in a restaurant (-0.827148)
INFO:__main__:a man in a blue shirt is playing a guitar on a stage (-0.973488)
INFO:__main__:a group of people are riding bikes on a street (-0.927019)
INFO:__main__:a group of people are riding bikes on a sidewalk (-1.008655)
INFO:__main__:a man is sitting on a bench in front of a building (-0.944252)
INFO:__main__:a man and a woman are walking down the street (-0.927491)
INFO:__main__:a man in a black shirt is sitting on a couch (-1.068851)
INFO:__main__:a man is sitting on a bench in front of a building (-0.830261)
INFO:__main__:a man in a blue shirt is sitting on a bench (-1.004420)
INFO:__main__:a man in a cowboy hat is riding a horse in a rodeo (-0.811354)
INFO:__main__:a man in a blue shirt is playing the guitar (-0.996205)
INFO:__main__:a man and a woman are walking in a field (-1.016077)
INFO:__main__:a man in a white shirt is standing in front of a store (-0.880647)
INFO:__main__:a man is sitting on a bench in front of a truck (-1.034026)
INFO:__main__:a man in a red shirt is playing the guitar (-0.947668)
INFO:__main__:a man and a woman are walking down the street (-0.865128)
INFO:__main__:a man in a red shirt is standing in front of a building (-0.954751)
INFO:__main__:a man in a white shirt is standing in front of a building (-0.958591)
INFO:__main__:a man and a woman are sitting on a boat in the water (-1.000999)
INFO:__main__:a man and a woman are walking down the street (-0.938233)
INFO:__main__:a group of people are standing in front of a building (-0.799720)
INFO:__main__:a man in a black shirt is walking down the street (-0.909354)
INFO:__main__:a group of people are sitting around a table in a restaurant (-0.842039)
INFO:__main__:a man in a white shirt is walking down the street (-0.981686)
INFO:__main__:a man in a white shirt is talking to a woman in a white (-0.956042)
INFO:__main__:a man in a white shirt is sitting at a desk (-0.964644)
INFO:__main__:a man in a black shirt is sleeping on a subway train (-0.872644)
INFO:__main__:a man and a woman are standing in front of a building (-0.842482)
INFO:__main__:a black and white dog is running through a grassy field (-0.794357)
INFO:__main__:a baseball player in a red jersey is about to hit a ball (-1.000572)
INFO:__main__:a young boy in a red shirt is playing a game (-1.245230)
INFO:__main__:a little girl in a pink shirt is sitting on a bench (-0.948013)
INFO:__main__:a football player in a red jersey is about to throw a football (-0.904285)
INFO:__main__:a young girl in a pink shirt is playing with a toy (-1.187410)
INFO:__main__:a man and a woman are sitting at a table in a restaurant (-0.759146)
INFO:__main__:a man in a red jacket is climbing a rock wall (-0.965284)
INFO:__main__:a man in a black shirt is playing a guitar (-0.990666)
INFO:__main__:a man in a white shirt is working on a computer (-0.963591)
INFO:__main__:a man in a red jacket and blue pants is standing in the snow (-1.149288)
INFO:__main__:a group of people are standing in front of a building (-0.928450)
INFO:__main__:a man in a white shirt is sitting on a couch (-0.996496)
INFO:__main__:a young boy is sleeping on a couch (-1.024792)
INFO:__main__:a man is sitting on a bench in front of a building (-0.881831)
INFO:__main__:a man in a blue shirt is walking down the street (-0.896322)
INFO:__main__:a man and a woman are standing in front of a store (-0.858673)
INFO:__main__:a man in a white shirt is playing the guitar (-0.855136)
INFO:__main__:a group of people are sitting at a table in a restaurant (-1.023114)
INFO:__main__:a man in a blue shirt is sitting on a rock (-1.101327)
INFO:__main__:a woman in a red shirt is sitting in a chair (-1.128535)
INFO:__main__:a man in a red jacket and blue pants is snowboarding (-1.296669)
INFO:__main__:a young boy is playing with a toy in the grass (-0.933238)
INFO:__main__:a man in a blue shirt is sitting on a bench (-1.048356)
INFO:__main__:a man in a white shirt and white shorts is playing tennis (-0.957007)
INFO:__main__:a man in a yellow shirt is riding a bike (-0.998279)
INFO:__main__:a man in a white shirt is sitting on a bench (-1.097102)
INFO:__main__:a man in a blue shirt is riding a bicycle (-0.957613)
INFO:__main__:a soccer player in a red jersey is about to hit a ball (-1.020105)
INFO:__main__:a man in a blue shirt is jumping off a rock (-1.020933)
INFO:__main__:a man in a white shirt is holding a microphone (-1.031903)
INFO:__main__:a man in a wetsuit is surfing in the ocean (-1.040382)
INFO:__main__:a man in a blue shirt is working on a computer (-0.911232)
INFO:__main__:a little girl is sleeping on a couch (-0.935845)
INFO:__main__:a man in a blue shirt is walking down the street (-0.970549)
INFO:__main__:a man in a white shirt is working on a grill (-1.043130)
INFO:__main__:a man is doing a trick on a ramp (-1.084490)
INFO:__main__:a little girl in a bathing suit and a girl in a bathing suit (-1.127556)
INFO:__main__:a group of people are sitting at a table in a restaurant (-0.955479)
INFO:__main__:a group of people are riding bikes on a trail (-0.921508)
INFO:__main__:a man in a white shirt is sitting at a table (-1.008544)
INFO:__main__:a group of people are standing in front of a building (-0.997865)
INFO:__main__:a man in a blue shirt is sitting on a bench (-1.003846)
INFO:__main__:a man in a hard hat is working on a piece of wood (-1.101005)
INFO:__main__:a man and a woman are riding a horse in a rodeo (-1.007829)
INFO:__main__:a man in a red jacket is climbing a rock wall (-0.987045)
INFO:__main__:a woman in a white dress is walking down the street (-1.006766)
INFO:__main__:a young boy in a red shirt is playing with a toy (-1.056826)
INFO:__main__:a young boy in a red shirt is playing on a playground (-1.034633)
INFO:__main__:a group of people are standing on the beach (-1.066697)
INFO:__main__:a man in a blue shirt is working on a roof (-0.948690)
INFO:__main__:a man in a blue shirt is sitting on a train (-0.995411)
INFO:__main__:a group of people are standing in front of a building (-0.872011)
INFO:__main__:a man in a black shirt is singing into a microphone (-0.777239)
INFO:__main__:a woman in a white shirt is standing in front of a store (-0.943479)
INFO:__main__:a man and a woman are sitting on a bench in the woods (-0.999667)
INFO:__main__:a man in a black shirt is sitting in a chair (-0.964772)
INFO:__main__:a man in a red shirt is holding a sign (-1.257680)
INFO:__main__:a man in a blue shirt is sleeping on a couch (-1.041247)
INFO:__main__:a group of people are standing in front of a building (-0.864715)
INFO:__main__:a man is sitting on a bench in front of a building (-0.881165)
INFO:__main__:a man in a black shirt is holding a microphone (-1.075565)
INFO:__main__:a group of people are standing in front of a building (-0.877267)
INFO:__main__:a young boy in a red shirt and blue jeans is running (-1.051694)
INFO:__main__:a man in a red shirt is standing in front of a truck (-1.066771)
INFO:__main__:a man in a black shirt is playing the guitar (-0.922385)
INFO:__main__:a man and a woman are sitting on a rock in the ocean (-0.942489)
INFO:__main__:a band is performing on stage in front of a crowd (-0.887694)
INFO:__main__:a group of people are standing in front of a building (-0.749353)
INFO:__main__:a man in a white shirt is standing in front of a store (-1.062585)
INFO:__main__:a man and a woman are standing in front of a building (-0.881248)
INFO:__main__:a group of people are riding bikes on the street (-1.016197)
INFO:__main__:a soccer player in a red jersey is about to hit a ball (-0.983505)
INFO:__main__:a man in a white shirt and white shorts is playing tennis (-1.036016)
INFO:__main__:a group of people are running in a park (-1.013319)
INFO:__main__:a soccer player in a red jersey is about to hit the ball (-1.013915)
INFO:__main__:a man in a red shirt is bowling in a bowling alley (-0.936799)
INFO:__main__:a man in a white shirt and a woman in a white shirt are (-1.091745)
INFO:__main__:a woman in a pink shirt is sitting on a bench (-1.064278)
INFO:__main__:a man and a woman are walking down the street (-0.875105)
INFO:__main__:a group of people are standing in front of a building (-0.901439)
INFO:__main__:a football player in a red jersey is about to throw a football (-0.926363)
INFO:__main__:a man in a white shirt is standing in front of a building (-0.959312)
INFO:__main__:a soccer player in a red jersey is about to hit the ball (-0.999564)
INFO:__main__:a basketball player in a white uniform is about to hit a ball (-1.070635)
INFO:__main__:a group of people are standing in front of a building (-0.737570)
INFO:__main__:a man in a red shirt is riding a red motorcycle (-1.129386)
INFO:__main__:a baseball player in a red jersey is about to throw a ball (-0.991854)
INFO:__main__:a young boy wearing a blue shirt is playing with a toy (-1.018432)
INFO:__main__:a man in a blue shirt is walking down the street (-0.904624)
INFO:__main__:two hockey players are competing in a hockey game (-0.876744)
INFO:__main__:a young boy in a red shirt is playing with a soccer ball (-0.999284)
INFO:__main__:a man in a white shirt and blue shorts is playing tennis (-1.065651)
INFO:__main__:a man and a woman are sitting at a table in a restaurant (-0.866330)
INFO:__main__:a man in a black shirt is talking to a woman in a black (-0.930414)
INFO:__main__:a young boy is sleeping on a couch (-1.017849)
INFO:__main__:a man in a blue shirt is riding a bike (-1.009696)
INFO:__main__:a man in a red jacket is standing in the snow (-0.969368)
INFO:__main__:a group of people are sitting around a table (-0.861029)
INFO:__main__:a man in a cowboy hat is riding a horse in a rodeo (-0.902847)
INFO:__main__:a man in a white shirt is sitting at a table (-1.073594)
INFO:__main__:a black and white dog is swimming in a pool (-0.806527)
INFO:__main__:a man and a woman are smiling at a camera (-1.061842)
INFO:__main__:a man and a woman are dancing in front of a crowd (-0.855547)
INFO:__main__:a man in a blue shirt is sitting on a bench (-0.994755)
INFO:__main__:a man and a woman are sitting at a table in a restaurant (-0.818873)
INFO:__main__:a man in a cowboy hat is riding a horse (-0.874217)
INFO:__main__:a man in a red shirt is riding a motorcycle (-1.005347)
INFO:__main__:a man in a white shirt is riding a horse in a rodeo (-1.010192)
INFO:__main__:a man in a white shirt is jumping off a ramp (-1.113800)
INFO:__main__:a man in a black shirt is standing in front of a building (-0.889950)
INFO:__main__:a group of people are running in a race (-1.055944)
INFO:__main__:a man and a woman are standing in the woods (-0.986618)
INFO:__main__:a man in a white shirt is sitting at a table (-1.022135)
INFO:__main__:a group of people are standing in front of a restaurant (-0.977671)
INFO:__main__:a man in a white shirt and blue jeans is playing a game (-1.120628)
INFO:__main__:a man in a white shirt and blue shorts is riding a skateboard (-1.128452)
INFO:__main__:a man in a red shirt is standing in front of a building (-1.010702)
INFO:__main__:a man in a wetsuit is surfing on a surfboard (-0.955995)
INFO:__main__:a man in a black shirt is playing a guitar (-0.873877)
INFO:__main__:a football player in a red jersey is about to throw a ball (-0.991028)
INFO:__main__:a soccer player in a red jersey is about to hit a ball (-1.037227)
INFO:__main__:a man in a white shirt is standing in front of a store (-0.917678)
INFO:__main__:a group of people are standing in front of a building (-0.834333)
INFO:__main__:a man in a red shirt is riding a skateboard on the beach (-0.971151)
INFO:__main__:a man in a black shirt is surfing on a surfboard (-1.000639)
INFO:__main__:a woman in a white shirt is sitting at a table (-1.013754)
INFO:__main__:a man and a woman are sitting at a table in a restaurant (-0.795591)
INFO:__main__:a man in a blue shirt is working on a roof (-0.850132)
INFO:__main__:a man in a white shirt is standing in front of a counter (-0.976721)
INFO:__main__:a man in a red shirt is playing a guitar (-1.137807)
INFO:__main__:a man in a red shirt is riding a motorcycle (-0.966226)
INFO:__main__:a man in a red shirt is riding a bike (-0.965293)
INFO:__main__:a black and white dog is running through a grassy field (-0.802733)
INFO:__main__:a little boy in a blue shirt is playing with a toy (-1.016406)
INFO:__main__:a football player in a red jersey is about to hit a ball (-1.031209)
INFO:__main__:a man is playing a guitar and singing into a microphone (-0.813903)
INFO:__main__:a man in a yellow shirt is standing on a dock (-1.050009)
INFO:__main__:a woman in a white shirt and white shorts is playing tennis (-0.981766)
INFO:__main__:a man in a white shirt is playing a guitar (-0.868872)
INFO:__main__:a man in a blue shirt is walking down the street (-0.912909)
INFO:__main__:a young girl in a pink shirt is jumping on a trampoline (-1.047797)
INFO:__main__:a man in a white shirt is standing in front of a building (-0.923264)
INFO:__main__:a man in a white shirt is sitting at a table (-1.150149)
INFO:__main__:a man and a woman are standing in the water (-1.040717)
INFO:__main__:a woman in a red shirt is sitting on the floor (-1.134807)
INFO:__main__:a man in a white shirt and blue shorts is playing volleyball (-1.072283)
INFO:__main__:a man in a white shirt is sleeping on a couch (-1.105324)
INFO:__main__:a man in a white shirt is standing in front of a store (-0.928565)
INFO:__main__:a man and a woman are standing in the woods (-1.025743)
INFO:__main__:a man in a blue shirt is riding a bike (-1.007096)
INFO:__main__:a man in a white t shirt is playing a guitar (-0.947942)
INFO:__main__:a man on a bike is riding a dirt bike (-1.024109)
INFO:__main__:a woman in a white dress is holding a baby (-1.259184)
INFO:__main__:a man is riding a bike on a dirt road (-0.866185)
INFO:__main__:a group of people are riding a bike in a race (-1.014498)
INFO:__main__:a football player in a red jersey is about to throw a ball (-0.968050)
INFO:__main__:a football player in a red jersey is about to hit the ball (-0.970862)
INFO:__main__:a basketball player in a white uniform is about to hit the ball (-0.964230)
INFO:__main__:a man and a woman are walking down the street (-0.834117)
INFO:__main__:a football player in a red jersey is about to throw a football (-0.966972)
INFO:__main__:a man is riding a bike on a dirt road (-0.958034)
INFO:__main__:a basketball player in a red jersey is about to hit the ball (-0.986241)
INFO:__main__:a man in a blue shirt is jumping on a skateboard (-0.980358)
INFO:__main__:a man and a woman are walking down a sidewalk (-0.944873)
INFO:__main__:a man in a blue shirt is standing in front of a building (-0.892820)
INFO:__main__:a baseball player in a red jersey is about to throw a ball (-1.008552)
INFO:__main__:a group of people are standing in front of a large tree (-0.863171)
INFO:__main__:a brown dog is playing with a red ball (-0.990648)
INFO:__main__:a man in a cowboy hat is riding a horse in a rodeo (-0.879007)
INFO:__main__:a man in a white shirt is standing in front of a store (-0.899747)
INFO:__main__:a man in a white shirt works on a piece of wood (-0.982836)
INFO:__main__:a man and a woman are walking down the street (-0.833464)
INFO:__main__:a man in a red shirt is holding a sign (-1.231695)
INFO:__main__:a man in a blue shirt is sitting on a bench (-1.119966)
INFO:__main__:a man in a white shirt is talking to a man in a white (-0.828732)
INFO:__main__:a man in a blue shirt is surfing in the ocean (-1.075173)
BLEU = 16.49, 58.2/25.2/10.6/4.8 (BP=1.000, ratio=1.026, hyp_len=11325, ref_len=11042)
