Using gpu device 1: GRID K2 (CNMeM is disabled, CuDNN not available)
Using Theano backend.
INFO:data_generator:Initialising data generator
INFO:data_generator:Train/val dataset: /data/flickr30k
INFO:data_generator:Input gold descriptions
INFO:__main__:Best checkpoint: checkpoints/random_fixed_seed_1/010-19042016-170121
INFO:data_generator:Initialising vocabulary from pre-defined model
INFO:data_generator:Max seq length 78, setting max_seq_len to 80
INFO:data_generator:Split sizes {'test': 5000, 'train': 145000, 'val': 5070}
INFO:data_generator:Number of words 18013 -> 6770
INFO:data_generator:Retained / Original Tokens: 1764444 / 1785683 (98.81 pc)
INFO:data_generator:Average train sentence length: 12.32 tokens
INFO:models:Building Keras model...
INFO:models:Using image features: True
INFO:models:Using source language features: False
INFO:models:... with weights defined in checkpoints/random_fixed_seed_1/010-19042016-170121
INFO:__main__:Generating test descriptions
INFO:__main__:a man in a white shirt is holding a microphone (-1.034432)
INFO:__main__:a black and white dog is running on the grass (-0.665383)
INFO:__main__:a young boy in a red shirt is jumping on a trampoline (-1.151027)
INFO:__main__:a group of people are walking in the snow (-0.878025)
INFO:__main__:a man in a white shirt is standing in front of a building (-0.896110)
INFO:__main__:a group of people are standing in front of a building (-0.776156)
INFO:__main__:a group of people are standing in front of a building (-0.791655)
INFO:__main__:a man in a white shirt and black pants is playing a game (-1.210728)
INFO:__main__:a man in a yellow shirt is working on a roof (-0.880112)
INFO:__main__:a man is sitting on a bench in front of a store (-1.053368)
INFO:__main__:a woman in a red shirt is talking on a cellphone (-1.091161)
INFO:__main__:a group of people are riding bikes in a city (-0.952184)
INFO:__main__:a man in a white shirt is standing in front of a counter (-0.950435)
INFO:__main__:a man and a woman are sitting at a table in a restaurant (-0.862668)
INFO:__main__:a group of people are climbing up a rock wall (-0.904675)
INFO:__main__:a man in a blue shirt is doing a bowling ball (-1.095352)
INFO:__main__:a man and a woman are jumping into the water at the beach (-0.980289)
INFO:__main__:a man and a woman are sitting at a table in a restaurant (-0.847915)
INFO:__main__:a man and a woman are sitting on a rock in the woods (-0.993318)
INFO:__main__:a group of people are standing in front of a restaurant (-0.896780)
INFO:__main__:a group of people are standing in front of a building (-0.724190)
INFO:__main__:a man in a white shirt and blue shorts is playing a game (-1.055261)
INFO:__main__:a young boy jumps into the air on the beach (-0.962311)
INFO:__main__:a man and a woman are sitting at a table in a restaurant (-0.839021)
INFO:__main__:a man in a blue shirt is talking on a cellphone (-0.842624)
INFO:__main__:a little girl in a pink dress is sitting on a couch (-1.062852)
INFO:__main__:a man in a blue shirt is standing in front of a building (-1.002681)
INFO:__main__:a man and a woman are sitting at a table in a restaurant (-0.773749)
INFO:__main__:a man is playing a guitar in front of a crowd of people (-0.945674)
INFO:__main__:a man and a woman are sitting at a table in a restaurant (-0.947021)
INFO:__main__:a man is riding a bike on a dirt road (-0.926888)
INFO:__main__:a man and a woman are dancing in front of a crowd (-0.838737)
INFO:__main__:a man and a woman are sitting on a rock in the ocean (-1.026355)
INFO:__main__:a man and a woman are standing in front of a store (-0.956274)
INFO:__main__:a man and a woman are standing in front of the ocean (-1.005599)
INFO:__main__:a man and a woman are sitting at a table in a restaurant (-0.823938)
INFO:__main__:a man is sitting on a bench in front of a building (-0.980038)
INFO:__main__:a man in a white shirt is standing in front of a building (-0.923886)
INFO:__main__:a man and a woman are sitting at a table in a restaurant (-0.855935)
INFO:__main__:a man and a woman are standing in front of a lake (-0.974003)
INFO:__main__:a young boy is swimming in a pool (-1.049627)
INFO:__main__:a man and a woman are walking down a sidewalk (-0.879483)
INFO:__main__:a man and a woman are sitting on a bench (-0.928026)
INFO:__main__:a man and a woman are sitting at a table in a restaurant (-0.935648)
INFO:__main__:a man is sitting on a bench in front of a building (-0.853811)
INFO:__main__:a man and a woman are walking on the beach (-0.910633)
INFO:__main__:a little girl in a pink shirt is looking at the camera (-1.073398)
INFO:__main__:a man and a woman are sitting on a bench in a park (-0.929442)
INFO:__main__:a man and a woman are sitting at a table in a restaurant (-0.869016)
INFO:__main__:a man and a woman are standing on the beach (-0.957297)
INFO:__main__:a man and a woman are standing in front of a store (-0.970885)
INFO:__main__:a man and a woman are swimming in a pool (-0.963913)
INFO:__main__:a group of people are standing in front of a large crowd (-0.851245)
INFO:__main__:a man and a woman are sitting on a rock in the water (-1.011479)
INFO:__main__:a woman in a black shirt is walking down the street (-0.869997)
INFO:__main__:a group of people are playing soccer in a grassy field (-0.933889)
INFO:__main__:a man and a woman are walking along the beach (-0.964293)
INFO:__main__:a man in a black shirt is playing a guitar (-1.048962)
INFO:__main__:a man and a woman are dancing in front of a crowd (-0.858068)
INFO:__main__:a group of people are standing in front of a large tree (-0.994526)
INFO:__main__:a group of people are standing in front of a fence (-0.985773)
INFO:__main__:a man and a woman are sitting at a table in a restaurant (-0.751897)
INFO:__main__:a group of people are running down a sidewalk (-0.934597)
INFO:__main__:a man is sitting on a bench in front of a building (-0.904113)
INFO:__main__:a man in a blue shirt is working on a piece of wood (-1.041073)
INFO:__main__:a man is sitting on a bench in front of a building (-0.948537)
INFO:__main__:the brown and white dog is running through the snow (-0.771604)
INFO:__main__:a man and a woman are sitting at a table in a restaurant (-1.041072)
INFO:__main__:a man in a blue shirt is working on a piece of wood (-0.994500)
INFO:__main__:a man in a black shirt is singing into a microphone (-0.819364)
INFO:__main__:a man is playing a guitar and singing into a microphone (-0.801337)
INFO:__main__:a woman in a blue shirt is standing in front of a pool (-1.099821)
INFO:__main__:a group of people are standing in front of a body of water (-0.782193)
INFO:__main__:a man in a blue shirt is playing a guitar on a sidewalk (-0.960028)
INFO:__main__:a young boy is swimming in a pool (-0.876200)
INFO:__main__:a young boy in a red shirt is playing with a soccer ball (-1.020136)
INFO:__main__:a man and a woman are standing in front of a building (-0.869006)
INFO:__main__:a brown dog and a brown dog are playing tug of war (-0.732860)
INFO:__main__:a man and a woman are walking down a path in the woods (-0.910138)
INFO:__main__:a woman in a white shirt is walking down the street (-0.915929)
INFO:__main__:a man in a blue shirt is standing in front of a store (-0.993788)
INFO:__main__:a man and a woman are sitting at a table in a restaurant (-0.948889)
INFO:__main__:a man and a woman are talking to each other (-0.939677)
INFO:__main__:a basketball player in a white uniform is about to hit the ball (-1.016787)
INFO:__main__:a man in a white shirt works on a piece of paper (-0.968472)
INFO:__main__:a girl in a bathing suit is jumping into a pool (-1.004527)
INFO:__main__:a man and a woman are standing in front of a store (-0.947143)
INFO:__main__:a group of people are standing in front of a building (-0.769999)
INFO:__main__:a man and a woman are sitting at a table in a restaurant (-0.830472)
INFO:__main__:a young boy in a blue shirt is playing with a toy (-1.050158)
INFO:__main__:a man and a woman are sitting on a bench in a park (-0.959627)
INFO:__main__:a man in a blue shirt is working on a grill (-0.937637)
INFO:__main__:a black and white dog is jumping over the water (-0.806177)
INFO:__main__:a man in a black shirt is talking on a cellphone (-0.886668)
INFO:__main__:a man and a woman are sitting at a table in a restaurant (-0.888321)
INFO:__main__:a young boy in a blue shirt is playing with a toy (-1.062784)
INFO:__main__:a group of people are standing in front of a large tree (-0.898381)
INFO:__main__:a young girl in a pink shirt is looking at the camera (-1.002819)
INFO:__main__:a group of people are sitting at a table in a restaurant (-0.844522)
INFO:__main__:a young boy in a red shirt is playing with a soccer ball (-0.909457)
INFO:__main__:a man and a woman are sitting at a table in a restaurant (-0.843437)
INFO:__main__:a man in a red shirt is standing in front of a truck (-1.176120)
INFO:__main__:a football player in a red jersey is about to throw a ball (-1.043549)
INFO:__main__:a man in a black shirt is working on a train (-0.949754)
INFO:__main__:a man and a woman are walking in the snow (-0.908712)
INFO:__main__:a man is climbing a rock wall in a forest (-0.916749)
INFO:__main__:a man in a blue shirt is standing in front of a building (-0.912316)
INFO:__main__:a man and a woman are sitting at a table in a restaurant (-0.809492)
INFO:__main__:a dog runs through the water with a stick in its mouth (-0.731696)
INFO:__main__:a man and a woman are sitting on the edge of the water (-0.978460)
INFO:__main__:a man is sitting on a bench in front of a building (-0.959110)
INFO:__main__:a group of people are riding bikes on a sidewalk (-0.937970)
INFO:__main__:a black and white dog is running through the water (-0.696596)
INFO:__main__:a man and a woman are talking to each other (-0.888666)
INFO:__main__:a man in a white shirt is sleeping on a couch (-1.011250)
INFO:__main__:a young boy in a red shirt is looking at the camera (-1.048071)
INFO:__main__:a man and a woman are sitting on the edge of the water (-0.972677)
INFO:__main__:a man and a woman are standing in front of a store (-0.885793)
INFO:__main__:a man in a white shirt is standing in front of a building (-0.841175)
INFO:__main__:two dogs are running through the snow (-0.775484)
INFO:__main__:a band is performing on stage in front of a crowd (-0.868268)
INFO:__main__:a young boy in a blue shirt is sleeping on a couch (-1.035465)
INFO:__main__:a man and a woman are sitting at a table in a restaurant (-0.795688)
INFO:__main__:a man and a woman are sitting at a table in a restaurant (-0.897971)
INFO:__main__:a group of people are standing in front of a building (-0.770592)
INFO:__main__:two dogs are playing tug of war in a field (-0.755749)
INFO:__main__:a little boy in a blue shirt is playing with a toy (-1.122295)
INFO:__main__:a man and a woman are sitting on a boat in the water (-0.957134)
INFO:__main__:a man is sitting on a bench in front of a building (-0.950878)
INFO:__main__:a woman in a blue shirt is walking down the sidewalk (-0.974916)
INFO:__main__:a man in a blue shirt is walking down the street (-0.911406)
INFO:__main__:a black and white dog is running through a grassy field (-0.809041)
INFO:__main__:a man in a red shirt is walking down the street (-0.990883)
INFO:__main__:a man is doing a trick on a surfboard on a beach (-1.027040)
INFO:__main__:a young boy is sleeping on a couch (-1.031790)
INFO:__main__:a man in a blue shirt is standing in front of a building (-0.920969)
INFO:__main__:a group of people are sitting around a table in a restaurant (-0.825729)
INFO:__main__:a group of people are standing in front of a crowd (-0.878504)
INFO:__main__:a man is standing on a rock in the ocean (-1.046487)
INFO:__main__:a man in a red jacket is standing in the snow (-0.978760)
INFO:__main__:a black and white dog is running through a field (-0.743680)
INFO:__main__:a man wearing sunglasses and a hat is playing a guitar (-1.025193)
INFO:__main__:a group of people sitting on a bench in front of a building (-0.955846)
INFO:__main__:a man in a red shirt is standing in front of a microphone (-1.070956)
INFO:__main__:a young boy in a red shirt is playing with a toy (-1.039471)
INFO:__main__:a brown and white dog is running through the snow (-0.777753)
INFO:__main__:a man and a woman are sitting at a table in a restaurant (-0.991154)
INFO:__main__:a man and a woman are sitting at a table in a restaurant (-0.754857)
INFO:__main__:a woman in a white shirt is holding a tennis racket (-0.882460)
INFO:__main__:a little boy is playing with a toy in the water (-0.963348)
INFO:__main__:a man and a woman are sitting at a table in a restaurant (-0.924448)
INFO:__main__:a man in a blue shirt is standing in front of a building (-0.878707)
INFO:__main__:a man and a woman are sitting at a table in a restaurant (-0.852273)
INFO:__main__:a man and a woman are sitting on a boat in the water (-0.954774)
INFO:__main__:a group of people are walking down a path in the woods (-0.952435)
INFO:__main__:a little girl in a pink shirt is jumping on a trampoline (-0.970973)
INFO:__main__:a man in a blue shirt is standing in front of a crowd (-1.003326)
INFO:__main__:a young boy in a blue shirt is playing with a toy (-1.020789)
INFO:__main__:a man and a woman are sitting at a table in a restaurant (-0.842236)
INFO:__main__:a man and a woman are looking at something in the distance (-0.949427)
INFO:__main__:a young girl is sleeping on a couch (-0.968964)
INFO:__main__:a black and white dog is running through the snow (-0.844045)
INFO:__main__:a black and white dog is running through a field (-0.860751)
INFO:__main__:a black and white dog is running through a field (-0.886300)
INFO:__main__:a man and a woman are sitting at a table in a restaurant (-0.784180)
INFO:__main__:a group of people are standing in front of a building (-0.909018)
INFO:__main__:a black dog is running through a field (-0.660048)
INFO:__main__:a brown dog is running through the snow (-0.666704)
INFO:__main__:a black and white dog is running on the beach (-0.795540)
INFO:__main__:a man in a white shirt is looking at the camera (-1.041423)
INFO:__main__:a man and a woman are talking to each other (-0.920114)
INFO:__main__:a group of people are riding on a beach on a beach (-0.899773)
INFO:__main__:a man in a white shirt is talking on a cellphone (-0.912341)
INFO:__main__:a man is sitting on a bench in front of a building (-0.860648)
INFO:__main__:a young boy in a blue shirt is playing with a soccer ball (-0.942904)
INFO:__main__:a man in a red shirt is climbing a rock wall (-0.900494)
INFO:__main__:a black dog and a white dog are playing in the grass (-0.824448)
INFO:__main__:a man and a woman are sitting on a bench (-1.212530)
INFO:__main__:a man and a woman are sitting at a table in a restaurant (-0.965682)
INFO:__main__:a young boy in a red shirt is running on a sidewalk (-1.046137)
INFO:__main__:a man in a blue shirt works on a piece of wood (-0.901367)
INFO:__main__:a man in a blue shirt is talking on a cellphone (-0.925659)
INFO:__main__:a man and a woman are walking down a busy street (-0.962748)
INFO:__main__:a man in a black shirt is sitting on a rock (-1.017414)
INFO:__main__:a man in a cowboy hat is riding a horse in a rodeo (-0.900177)
INFO:__main__:a man in a blue shirt is working on a piece of paper (-1.005327)
INFO:__main__:a brown dog and a brown dog are playing tug of war (-0.751308)
INFO:__main__:a group of people are standing in front of a computer (-0.890454)
INFO:__main__:a brown and white dog is running through a field (-0.736451)
INFO:__main__:a group of people are standing in front of a building (-0.815616)
INFO:__main__:a man is sitting on a bench in front of a building (-0.908253)
INFO:__main__:a man is playing a guitar in front of a building (-0.925043)
INFO:__main__:a young boy in a red shirt is playing with a soccer ball (-1.038864)
INFO:__main__:a man in a red shirt is riding a motorcycle (-0.977960)
INFO:__main__:a little girl in a pink dress is sitting on a blanket (-1.069794)
INFO:__main__:a man in a black shirt is standing in front of a building (-0.870584)
INFO:__main__:a black and white dog running through the water (-0.774028)
INFO:__main__:a man in a white shirt is walking down the street (-0.933762)
INFO:__main__:a group of people walking down a street in a city (-0.865429)
INFO:__main__:a man is sitting on a bench in front of a building (-0.844503)
INFO:__main__:a black dog is jumping into the water (-0.788659)
INFO:__main__:a group of people are sitting around a table in a restaurant (-0.739343)
INFO:__main__:a crowd of people are standing in front of a large building (-0.852550)
INFO:__main__:a man in a white shirt is talking on a cellphone (-0.978336)
INFO:__main__:a group of people are standing in front of a building (-0.842978)
INFO:__main__:a black and white dog is jumping over a hurdle (-0.769534)
INFO:__main__:a black and white dog is jumping over a hurdle (-0.900138)
INFO:__main__:construction workers are working on a construction site (-1.033185)
INFO:__main__:a man in a hard hat is working on a piece of wood (-0.947130)
INFO:__main__:a man and a woman are standing in front of a building (-0.966244)
INFO:__main__:a man in a blue shirt is standing in front of a building (-0.872440)
INFO:__main__:a woman in a black dress is walking down the sidewalk (-0.902304)
INFO:__main__:a man in a blue shirt is working on a piece of paper (-0.970791)
INFO:__main__:a man in a white shirt and white shorts is playing tennis (-1.012020)
INFO:__main__:a man in a red shirt is riding a bike (-1.018497)
INFO:__main__:a group of people are sitting on a boat in the water (-0.980256)
INFO:__main__:a group of people are sitting around a table in a room (-0.884035)
INFO:__main__:a man and a woman are dancing in front of a crowd (-0.791306)
INFO:__main__:a man and a woman are sitting on a boat in the water (-0.905834)
INFO:__main__:a man and a woman are walking down the street (-0.850105)
INFO:__main__:a man and a woman are sitting on a bench in a park (-0.901075)
INFO:__main__:a group of people are standing in front of a crowd of people (-0.941135)
INFO:__main__:a man in a blue shirt is sleeping on a bench (-0.889159)
INFO:__main__:a man and a woman are sitting on the ground (-1.103031)
INFO:__main__:a man and a woman are sitting on the edge of the water (-0.983153)
INFO:__main__:a man in a yellow shirt is standing in front of a boat (-1.013845)
INFO:__main__:a man in a blue shirt is standing in front of a building (-1.035165)
INFO:__main__:a little girl in a pink dress is walking in the grass (-0.999972)
INFO:__main__:a large group of people are standing in front of a building (-0.859448)
INFO:__main__:a man and a woman are sitting at a table in a restaurant (-0.916200)
INFO:__main__:a group of people are sitting around a table (-0.927712)
INFO:__main__:a young girl in a pink dress is jumping on a trampoline (-1.025485)
INFO:__main__:a black and white dog jumps over a hurdle (-0.664749)
INFO:__main__:a brown dog is playing with a stick in its mouth (-0.742634)
INFO:__main__:a brown dog is running through a grassy field (-0.743605)
INFO:__main__:a man is playing a guitar and singing into a microphone (-0.767236)
INFO:__main__:a man and a woman are standing in front of a building (-0.983936)
INFO:__main__:a man and a woman are sitting on a rock in the water (-0.946030)
INFO:__main__:a brown dog is playing with a ball in its mouth (-0.770739)
INFO:__main__:a man and a woman are walking down the street (-0.870779)
INFO:__main__:a man in a blue shirt is working on a computer (-0.890675)
INFO:__main__:a man and a woman are standing in front of a store (-0.948139)
INFO:__main__:a man in a white shirt is holding a microphone (-1.103199)
INFO:__main__:a man is surfing on a surfboard in the ocean (-0.982728)
INFO:__main__:a man and a woman are walking down a sidewalk (-0.918581)
INFO:__main__:a group of people standing in front of a train (-0.924231)
INFO:__main__:a little girl in a pink shirt is jumping on a trampoline (-0.998209)
INFO:__main__:a man in a black shirt is talking on a cellphone (-1.032714)
INFO:__main__:a man in a red shirt is standing in front of a truck (-1.006570)
INFO:__main__:a brown dog is playing with a ball in its mouth (-0.734823)
INFO:__main__:a little girl in a pink shirt is looking at the camera (-0.958138)
INFO:__main__:a man and a woman are running in a grassy field (-1.008911)
INFO:__main__:a group of people are standing in front of a building (-0.786153)
INFO:__main__:a black and white dog is running down a dirt track (-0.897650)
INFO:__main__:a man is sitting on a bench in front of a building (-0.901393)
INFO:__main__:a man is sitting on a bench in front of a building (-0.807913)
INFO:__main__:a man in a white shirt is looking at a computer (-0.905432)
INFO:__main__:a group of people are standing in front of a store (-0.867487)
INFO:__main__:a man in a blue shirt is walking down the street (-0.962232)
INFO:__main__:a group of people are standing in front of a building (-1.000130)
INFO:__main__:a man and a woman are standing in front of a building (-0.886667)
INFO:__main__:a man in a blue shirt is standing in front of a building (-0.934708)
INFO:__main__:a man is sitting on a rock in the middle of the ocean (-0.996112)
INFO:__main__:a black dog is running through a field of grass (-0.747644)
INFO:__main__:a man in a red shirt is skateboarding on a ramp (-0.964890)
INFO:__main__:a woman in a red dress is walking down the street (-0.943114)
INFO:__main__:a man in a white shirt is standing in front of a building (-0.963658)
INFO:__main__:a group of people are standing in front of a building (-0.816594)
INFO:__main__:a man in a white shirt is playing a guitar (-0.964706)
INFO:__main__:a young boy in a blue shirt is playing in the water (-1.076971)
INFO:__main__:a man and a woman are sitting on a bench in a park (-0.985085)
INFO:__main__:a man and a woman are swimming in the ocean (-0.948514)
INFO:__main__:a man and a woman are sitting at a table in a restaurant (-0.806235)
INFO:__main__:a man and a woman are sitting on a couch (-1.091358)
INFO:__main__:a black and white dog jumps over a hurdle (-0.642860)
INFO:__main__:a man in a black shirt is talking on a cellphone (-0.968284)
INFO:__main__:a man in a blue shirt is sitting on a bench (-1.083878)
INFO:__main__:a large group of people are sitting on a bench in a park (-0.910592)
INFO:__main__:a young boy wearing a blue shirt is playing with water (-1.139602)
INFO:__main__:a black and white dog is running through the grass (-0.716981)
INFO:__main__:a man is sitting on a bench in front of a building (-0.814466)
INFO:__main__:a black and white dog jumps over a hurdle (-0.689188)
INFO:__main__:a young girl in a pink shirt is sitting on a swing (-0.975677)
INFO:__main__:a man and a woman are talking to each other (-0.860066)
INFO:__main__:a man and a woman are sitting at a table in a restaurant (-0.928477)
INFO:__main__:a brown dog is running through a field of grass (-0.685952)
INFO:__main__:a band is performing on stage in front of a crowd (-0.862874)
INFO:__main__:a man and a woman are standing on a rock (-1.009914)
INFO:__main__:a group of people are standing in front of a building (-0.822842)
INFO:__main__:a man is sitting on a bench in front of a building (-1.048874)
INFO:__main__:a person is riding a bike on a dirt road (-0.890972)
INFO:__main__:a young boy in a blue shirt is playing in the sand (-1.069215)
INFO:__main__:a man is sitting on a bench in front of a building (-0.852788)
INFO:__main__:a man in a blue shirt is standing in front of a building (-0.882360)
INFO:__main__:a man and a woman are walking on the beach (-0.955214)
INFO:__main__:a man is sitting on a bench in front of a building (-0.975034)
INFO:__main__:a group of people are playing soccer in a field (-1.011388)
INFO:__main__:a young boy in a blue shirt and blue shorts is running (-1.030770)
INFO:__main__:a black and white dog is running through a grassy field (-1.029247)
INFO:__main__:a man and a woman are sitting at a table in a restaurant (-0.898800)
INFO:__main__:a man is doing a trick on his skateboard on a ramp (-0.962748)
INFO:__main__:a young boy is sleeping on a couch (-1.039665)
INFO:__main__:a group of people are standing in front of a large building (-0.881578)
INFO:__main__:a man in a red and white uniform is running on a track (-1.028587)
INFO:__main__:a man in a white shirt is working on a grill (-0.944666)
INFO:__main__:a man and a woman are walking down the street (-0.902510)
INFO:__main__:a basketball player in a red jersey is about to hit the ball (-1.045227)
INFO:__main__:a football player in a red jersey is about to hit the ball (-1.006684)
INFO:__main__:a group of people are riding horses in a field (-1.054670)
INFO:__main__:a group of people are standing in front of a crowd of people (-0.849134)
INFO:__main__:a man and a woman are walking down a path in the woods (-0.995287)
INFO:__main__:a man and a woman are dancing in front of a crowd (-0.935983)
INFO:__main__:a man is sitting on a bench in front of a building (-0.876054)
INFO:__main__:the black and white dog is running through the snow (-0.728241)
INFO:__main__:a man and a woman are sitting at a table in a restaurant (-1.014149)
INFO:__main__:a man in a red shirt is standing in front of a crowd (-1.070473)
INFO:__main__:a man in a blue shirt is riding a bicycle (-0.956091)
INFO:__main__:a man and a woman are sitting on a bench in the woods (-0.982385)
INFO:__main__:a man in a red shirt is standing in front of a store (-0.982932)
INFO:__main__:a man is surfing a wave in the ocean (-0.895067)
INFO:__main__:a young boy in a red shirt is playing with a soccer ball (-0.986055)
INFO:__main__:a soccer player in a red jersey is about to hit the ball (-1.012615)
INFO:__main__:a man and a woman are standing in front of a store (-1.014944)
INFO:__main__:a young boy in a blue shirt is sleeping on a couch (-1.013169)
INFO:__main__:a man and a woman are sitting at a table in a restaurant (-0.803943)
INFO:__main__:a man and a woman are sitting on a bench in a park (-0.893042)
INFO:__main__:a man in a blue shirt is riding a bicycle (-1.053187)
INFO:__main__:a man in a white shirt is standing in front of a building (-0.941787)
INFO:__main__:a man in a black shirt is talking on a cellphone (-0.962938)
INFO:__main__:a young boy in a red shirt is playing with a soccer ball (-0.975309)
INFO:__main__:a little girl in a pink dress is sitting on the floor (-1.032845)
INFO:__main__:a man in a white shirt is singing into a microphone (-0.797694)
INFO:__main__:a man and a woman are sitting at a table in a restaurant (-0.908174)
INFO:__main__:a group of people are standing in front of a building (-0.837490)
INFO:__main__:a group of people are standing in front of a large building (-0.825782)
INFO:__main__:a crowd of people are standing in front of a building (-0.857999)
INFO:__main__:a man and a woman are dancing in front of a crowd (-0.862957)
INFO:__main__:a man and a woman are walking down the street (-0.875825)
INFO:__main__:a man in a black shirt is singing into a microphone (-0.790810)
INFO:__main__:a black and white dog is jumping over the water (-0.981269)
INFO:__main__:a man in a blue shirt is working on a rock (-0.995856)
INFO:__main__:a woman in a white dress is talking on a cellphone (-0.899920)
INFO:__main__:a man in a red and white uniform is playing a game (-1.220996)
INFO:__main__:a black and white dog is jumping over a hurdle (-0.660357)
INFO:__main__:a man and a woman are sitting at a table in a restaurant (-0.912356)
INFO:__main__:a man and a woman are standing in front of a train (-0.899416)
INFO:__main__:a man in a blue shirt is climbing a rock wall (-0.838433)
INFO:__main__:a man in a white shirt is standing in front of a building (-0.924073)
INFO:__main__:a man and a woman are sitting at a table in a restaurant (-0.913298)
INFO:__main__:a man and a woman are walking through a field in the woods (-1.001853)
INFO:__main__:a man and a woman are talking to each other (-0.954523)
INFO:__main__:a man in a white shirt is playing a guitar on a sidewalk (-1.011307)
INFO:__main__:a man and a woman are sitting at a table in a restaurant (-0.837332)
INFO:__main__:a man and a woman are standing in front of a store (-0.917960)
INFO:__main__:a person is riding a bike on a dirt road (-0.878625)
INFO:__main__:a man and a woman are standing on the beach (-0.924390)
INFO:__main__:a black and white dog jumps into the water (-0.847078)
INFO:__main__:a group of people are standing in front of a building (-0.787121)
INFO:__main__:a little girl in a pink shirt is sitting on a couch (-1.083720)
INFO:__main__:a man in a red shirt and black pants is riding a skateboard (-1.073031)
INFO:__main__:a man is sitting on a bench in front of a building (-0.826035)
INFO:__main__:a man in a black shirt is playing a guitar (-0.938244)
INFO:__main__:a man and a woman are dancing in front of a crowd (-0.837111)
INFO:__main__:a brown dog is running through the water (-0.692978)
INFO:__main__:a band is playing on a stage in front of a crowd (-0.901239)
INFO:__main__:a little girl in a pink dress is sitting on the grass (-1.010730)
INFO:__main__:a man and a woman are sitting at a table in a restaurant (-0.871803)
INFO:__main__:a young boy in a red shirt is playing with a toy (-1.000046)
INFO:__main__:a man in a white shirt is talking on a cellphone (-1.003862)
INFO:__main__:a black and white dog is running through the snow (-0.677201)
INFO:__main__:a basketball player in a red jersey is about to hit the ball (-0.996551)
INFO:__main__:a man in a blue shirt is climbing a rock wall (-0.959283)
INFO:__main__:a man in a blue shirt is riding a skateboard down the street (-1.021343)
INFO:__main__:a brown dog is running through the water (-0.763763)
INFO:__main__:a group of people are riding bikes in a city (-0.927638)
INFO:__main__:a man and a woman are standing in front of a building (-0.865030)
INFO:__main__:a black and white dog is running through the snow (-0.661304)
INFO:__main__:a football player in a red jersey is about to throw a football (-0.987852)
INFO:__main__:a man and a woman are sitting at a table in a restaurant (-0.763285)
INFO:__main__:a man and a woman are dancing in front of a crowd (-0.855441)
INFO:__main__:a man is playing a guitar in front of a building (-0.856226)
INFO:__main__:two men are playing soccer on a field (-0.980983)
INFO:__main__:a young boy in a red jacket is playing in the snow (-1.053278)
INFO:__main__:a man and a woman are sitting at a table in a restaurant (-0.837931)
INFO:__main__:a man and a woman are sitting at a table in a restaurant (-0.895285)
INFO:__main__:a man and a woman are standing in front of a building (-0.934728)
INFO:__main__:a black and white dog is jumping over a hurdle (-0.812507)
INFO:__main__:a man in a white shirt and white shorts is playing tennis (-1.048356)
INFO:__main__:a group of people sitting on a bench in front of a building (-1.022963)
INFO:__main__:a man in a white shirt is walking down the street (-0.892305)
INFO:__main__:a man and a woman are dancing in front of a crowd (-0.986898)
INFO:__main__:a man and a woman are sitting on a boat in the water (-0.976188)
INFO:__main__:a group of people are standing in front of a building (-0.850323)
INFO:__main__:a man and a woman are sitting at a table in a restaurant (-0.942341)
INFO:__main__:a man and a woman are sitting on a bench in a park (-0.971552)
INFO:__main__:a man and a woman are walking down the sidewalk (-0.953407)
INFO:__main__:a black and white dog is running through a field (-0.718485)
INFO:__main__:a brown and white dog is running through a field (-0.729141)
INFO:__main__:a man and a woman are walking on the beach (-0.885340)
INFO:__main__:a man and a woman are walking down a path in the woods (-0.963600)
INFO:__main__:a man and a woman are walking in the grass (-1.041564)
INFO:__main__:a group of people are standing in front of a building (-0.810378)
INFO:__main__:a woman in a black dress is walking down the street (-0.903659)
INFO:__main__:a man in a black shirt is playing a guitar on a stage (-0.959075)
INFO:__main__:a man in a black shirt is walking down the street (-0.876949)
INFO:__main__:a man is doing a trick on a skateboard in the air (-0.985853)
INFO:__main__:a man in a white shirt is riding a horse in a rodeo (-1.017800)
INFO:__main__:a man and a woman are standing in front of a mountain (-0.968721)
INFO:__main__:a man and a woman are standing in the snow (-0.940982)
INFO:__main__:a man and a woman are sitting at a table in a restaurant (-0.870983)
INFO:__main__:a man in a white shirt is standing in front of a building (-0.888460)
INFO:__main__:a man and a woman are sitting at a table in a restaurant (-0.795883)
INFO:__main__:a group of people are standing in front of a large tree (-1.029819)
INFO:__main__:a man in a blue shirt is riding a skateboard down the street (-0.957300)
INFO:__main__:a man in a white shirt and white shorts is playing tennis (-0.933012)
INFO:__main__:a brown dog and a brown dog are playing in the snow (-0.686961)
INFO:__main__:a man and a woman are sitting on a bench in the woods (-1.011505)
INFO:__main__:a man in a blue shirt is working on a piece of wood (-0.966564)
INFO:__main__:a man in a cowboy hat is riding a horse in a rodeo (-0.935244)
INFO:__main__:a black and white dog is running through the snow (-0.654016)
INFO:__main__:a man in a red shirt is playing a guitar (-0.935958)
INFO:__main__:a black and white dog is running through a field (-0.737109)
INFO:__main__:two hockey players are competing in a hockey game (-0.893689)
INFO:__main__:a man in a black shirt is playing a guitar (-0.850326)
INFO:__main__:a black and white dog is running through a grassy field (-0.846123)
INFO:__main__:a man in a black shirt is talking on a cellphone (-0.877966)
INFO:__main__:a man and a woman are talking to each other (-0.881123)
INFO:__main__:a young boy is playing in a pool of water (-1.041569)
INFO:__main__:a black and white dog is running through the water (-0.727173)
INFO:__main__:a little boy is sleeping on a couch (-0.982639)
INFO:__main__:a young boy in a red shirt is running on a sidewalk (-1.015785)
INFO:__main__:a woman in a white shirt is holding a tennis racket (-0.937537)
INFO:__main__:a man and a woman are swimming in a body of water (-0.956952)
INFO:__main__:a young boy in a red jacket is playing in the snow (-0.966898)
INFO:__main__:a group of people are standing in front of a building (-0.821311)
INFO:__main__:a group of people are standing on a rock (-0.917083)
INFO:__main__:a group of people are standing in front of a building (-0.989769)
INFO:__main__:a man and a woman are sitting on a couch (-1.018868)
INFO:__main__:a black and white dog jumping over a hurdle (-0.718022)
INFO:__main__:a woman in a black shirt is walking down the street (-0.881913)
INFO:__main__:a man and a woman are playing volleyball on a basketball court (-1.004162)
INFO:__main__:a brown and white dog is running through the grass (-0.750521)
INFO:__main__:a brown and white dog is jumping over a hurdle (-0.818748)
INFO:__main__:a man in a blue shirt is sitting on a bench (-0.877973)
INFO:__main__:a little girl in a pink dress is sitting on the grass (-0.976860)
INFO:__main__:a man in a cowboy hat is riding a horse in a rodeo (-1.022673)
INFO:__main__:a group of people are standing in front of a crowd of people (-0.920860)
INFO:__main__:a man on a bike is jumping over a ramp (-0.957647)
INFO:__main__:a man is sitting on a bench in front of a building (-1.023716)
INFO:__main__:a man is riding a bike on a dirt road (-0.916198)
INFO:__main__:a man is sitting on a bench in front of a building (-0.936814)
INFO:__main__:a group of people are standing in front of a building (-0.771835)
INFO:__main__:a man in a white shirt is walking down the street (-1.020563)
INFO:__main__:a man and a woman are sitting at a table in a restaurant (-0.780684)
INFO:__main__:a brown and white dog runs through the grass (-0.697576)
INFO:__main__:a soccer player in a red jersey is about to hit the ball (-1.012092)
INFO:__main__:a man and a woman are sitting at a table in a restaurant (-0.867058)
INFO:__main__:a black dog is running through a field (-0.720557)
INFO:__main__:a young boy in a red shirt is playing with a toy (-1.038864)
INFO:__main__:a young boy in a blue shirt is looking at the camera (-0.989245)
INFO:__main__:a group of people are sitting around a table (-0.974049)
INFO:__main__:a group of people are standing in front of a building (-0.860484)
INFO:__main__:a man and a woman are sitting on a bench in a park (-0.908123)
INFO:__main__:a man in a blue shirt is talking on a cellphone (-0.897137)
INFO:__main__:a man and a woman are sitting at a table in a restaurant (-0.876673)
INFO:__main__:a man is riding a bike on a dirt road (-0.969964)
INFO:__main__:a man in a white shirt is working on a piece of wood (-0.985287)
INFO:__main__:a man and a woman are dancing in front of a crowd (-0.966016)
INFO:__main__:a man in a red shirt is climbing a tree (-0.961300)
INFO:__main__:a man in a cowboy hat is riding a horse in a rodeo (-0.908141)
INFO:__main__:a man in a cowboy hat is riding a horse in a rodeo (-0.971671)
INFO:__main__:a man in a black shirt is talking on a cellphone (-1.002067)
INFO:__main__:a young boy in a blue shirt is playing with a toy (-1.097917)
INFO:__main__:a group of people are standing in front of a building (-0.866507)
INFO:__main__:the brown and white dog is running through the grass (-0.688997)
INFO:__main__:a man in a black shirt is talking on a cellphone (-0.895312)
INFO:__main__:a large group of people are standing in front of a building (-0.932903)
INFO:__main__:a man and a woman are dancing in front of a crowd (-0.980058)
INFO:__main__:a brown dog is running through the grass (-0.701533)
INFO:__main__:a man in a white shirt and black shorts is playing tennis (-0.924759)
INFO:__main__:a black and white dog is running through the grass (-0.753467)
INFO:__main__:a man and a woman are swimming in a body of water (-1.003990)
INFO:__main__:a group of people are standing in front of a body of water (-0.873500)
INFO:__main__:a man and a woman are walking down a path in the woods (-0.937899)
INFO:__main__:a football player in a red jersey is about to hit the ball (-0.968085)
INFO:__main__:a man is sitting on a bench in front of a building (-0.818922)
INFO:__main__:a man in a white t shirt is playing a golf game (-1.058006)
INFO:__main__:a man is climbing up a rock face (-0.922094)
INFO:__main__:a skateboarder is performing a trick on a ramp (-0.948935)
INFO:__main__:a man in a black shirt is singing into a microphone (-0.806161)
INFO:__main__:a group of people are standing in front of a building (-0.849355)
INFO:__main__:a man in a white shirt is holding a microphone (-1.114181)
INFO:__main__:a man and a woman are sitting at a table in a park (-1.077168)
INFO:__main__:a man and a woman are sitting on a bench in a park (-0.950394)
INFO:__main__:a group of people are standing in front of a large building (-1.031711)
INFO:__main__:a man and a woman are sitting on a bench in a park (-1.054801)
INFO:__main__:a man is sitting on a bench in front of a lake (-1.004047)
INFO:__main__:a man in a red shirt is holding a flag (-1.271634)
INFO:__main__:a black dog is running through the snow (-0.725504)
INFO:__main__:a man and a woman are walking in the grass (-0.970902)
INFO:__main__:a man in a blue shirt works on a piece of wood (-0.933516)
INFO:__main__:a man in a black shirt is sitting on a bench (-0.934544)
INFO:__main__:a man in a red shirt is holding a microphone (-1.159779)
INFO:__main__:a little girl in a pink dress is sitting on a blanket (-1.042228)
INFO:__main__:a man and a woman are sitting at a table in a restaurant (-0.866082)
INFO:__main__:a little girl in a pink dress is sitting on a rock (-1.056078)
INFO:__main__:a man is sitting on a bench in front of a building (-0.826307)
INFO:__main__:a man and a woman are walking along the beach (-0.840033)
INFO:__main__:a man and a woman are sitting at a table in a restaurant (-0.821535)
INFO:__main__:a basketball player in a red jersey is about to hit the ball (-1.065354)
INFO:__main__:a group of people are standing in front of a large tree (-0.968054)
INFO:__main__:a person is riding a bike on a dirt road (-0.941304)
INFO:__main__:a person is riding a dirt bike on a dirt road (-0.897611)
INFO:__main__:a man and a woman are walking on the beach (-0.954888)
INFO:__main__:a man in a red shirt is standing in front of a car (-1.025930)
INFO:__main__:a man in a blue shirt is standing in front of a firetruck (-1.066547)
INFO:__main__:a man and a woman are sitting on a boat in the water (-0.964736)
INFO:__main__:a man in a red jacket is climbing a rock wall (-0.935253)
INFO:__main__:a man in a blue shirt is riding a bicycle (-0.888609)
INFO:__main__:a man and a woman are sitting at a table in a restaurant (-0.908433)
INFO:__main__:a man in a blue shirt is working on a grill (-1.044760)
INFO:__main__:a group of people are standing in front of a building (-0.827191)
INFO:__main__:a man and a woman are standing in front of a building (-0.917878)
INFO:__main__:a group of people are playing basketball on a basketball court (-1.070811)
INFO:__main__:a man in a white shirt is standing in front of a counter (-1.026001)
INFO:__main__:a man and a woman are sitting at a table in a restaurant (-0.782029)
INFO:__main__:a man and a woman are sitting at a table in a restaurant (-0.931562)
INFO:__main__:a man and a woman are sitting at a table in a restaurant (-0.958741)
INFO:__main__:a man and a woman are talking to each other (-0.920486)
INFO:__main__:a man is sitting on a bench in front of a building (-0.791416)
INFO:__main__:a man in a blue shirt is sitting on the ground (-1.074918)
INFO:__main__:a man in a blue shirt is sitting on a rock (-1.084615)
INFO:__main__:a man in a white shirt is standing in front of a computer (-0.914643)
INFO:__main__:a group of people are standing in front of a building (-0.835024)
INFO:__main__:a man in a red shirt is playing the guitar (-1.029789)
INFO:__main__:a man and a woman are sitting at a table in a restaurant (-0.777528)
INFO:__main__:a man is sitting on a bench in front of a building (-0.890007)
INFO:__main__:a group of people are standing in front of a fence (-1.028111)
INFO:__main__:a man is sleeping on a bench in front of a building (-0.867155)
INFO:__main__:a man and a woman are standing in front of a building (-0.859002)
INFO:__main__:a man in a green shirt is playing a guitar (-0.918076)
INFO:__main__:a man in a white shirt is looking at the camera (-1.013202)
INFO:__main__:a man and a woman are sitting at a table in a restaurant (-0.819637)
INFO:__main__:a man in a white shirt and white shorts is playing tennis (-0.918230)
INFO:__main__:a man in a red shirt is standing in front of a truck (-1.086173)
INFO:__main__:a man and a woman are sitting at a table in a restaurant (-0.921345)
INFO:__main__:a man and a woman are sitting at a table in a restaurant (-0.933984)
INFO:__main__:a man is playing a guitar and singing into a microphone (-0.772042)
INFO:__main__:a group of people are standing in front of a building (-0.883484)
INFO:__main__:a group of people are standing on rocks in the ocean (-0.976991)
INFO:__main__:a man and a woman are sitting at a table in a restaurant (-0.811283)
INFO:__main__:a man and a woman are walking down a city street (-0.904590)
INFO:__main__:a man and a woman are standing in front of a building (-0.918667)
INFO:__main__:a large group of people are standing in front of a building (-0.860268)
INFO:__main__:a man and a woman are standing in front of the ocean (-1.044441)
INFO:__main__:a group of people are standing in front of a building (-0.797526)
INFO:__main__:a young boy in a red shirt is playing with a toy (-1.186439)
INFO:__main__:a man and a woman are sitting at a table in a restaurant (-0.906608)
INFO:__main__:a group of people are sitting around a table in a restaurant (-0.836533)
INFO:__main__:a woman in a white dress is sitting on a bench (-0.998135)
INFO:__main__:a man and a woman are walking down a path in the woods (-0.899708)
INFO:__main__:a man in a blue shirt is working on a piece of wood (-0.936771)
INFO:__main__:a man in a white shirt is sitting in a chair (-1.021614)
INFO:__main__:a man is sitting on a bench in front of a building (-0.851381)
INFO:__main__:a woman in a white dress is walking down the street (-0.973816)
INFO:__main__:a football player in a red jersey is about to throw a ball (-0.982770)
INFO:__main__:a man in a red jacket is climbing a rock wall (-0.929463)
INFO:__main__:a group of people are standing in front of a building (-0.860605)
INFO:__main__:a man and a woman are sitting at a table in a restaurant (-0.783172)
INFO:__main__:a man in a black shirt is singing into a microphone (-0.837353)
INFO:__main__:a man in a blue shirt is standing in front of a tree (-1.039566)
INFO:__main__:a group of people are standing in front of a building (-0.999645)
INFO:__main__:a group of people are standing in front of a building (-0.822812)
INFO:__main__:a man and a woman are sitting at a table in a restaurant (-0.881484)
INFO:__main__:a man in a white shirt is talking on a cellphone (-0.920319)
INFO:__main__:a man and a woman are sitting at a table in a restaurant (-0.920113)
INFO:__main__:a man is sitting on a bench in front of a building (-0.825828)
INFO:__main__:a man and a woman are sitting on a bench (-0.953786)
INFO:__main__:a black and white dog is running on the beach (-0.821828)
INFO:__main__:a brown dog is running through a field of grass (-0.726654)
INFO:__main__:a man in a red shirt is playing the guitar (-1.058198)
INFO:__main__:a man and a woman are sitting at a table in a restaurant (-0.758830)
INFO:__main__:a group of people are standing in front of a large crowd (-0.904875)
INFO:__main__:a group of people are standing in front of a building (-1.016825)
INFO:__main__:a man in a blue shirt is riding a motorcycle (-0.917450)
INFO:__main__:a man and a woman are dancing in front of an audience (-0.865842)
INFO:__main__:a man and a woman are dancing in front of a crowd (-0.883413)
INFO:__main__:a man is sitting on a bench in front of a building (-0.873781)
INFO:__main__:a man in a red shirt is climbing up a rock (-0.872738)
INFO:__main__:a man in a red shirt is sitting on a train (-0.960002)
INFO:__main__:a man and a woman are sitting at a table in a room (-0.917571)
INFO:__main__:a man is playing a guitar in front of a microphone (-0.793315)
INFO:__main__:a group of people are sitting around a table in a restaurant (-0.813643)
INFO:__main__:a man and a woman are walking on the beach (-0.912885)
INFO:__main__:a man and a woman are standing in front of a construction site (-1.000186)
INFO:__main__:a group of people are standing in front of a store (-0.950901)
INFO:__main__:a man and a woman are sitting on a bench in a park (-1.015299)
INFO:__main__:a man in a blue shirt is walking down the street (-0.944241)
INFO:__main__:a man and a woman are standing in front of a fruit stand (-1.017470)
INFO:__main__:a man in a black shirt is singing into a microphone (-0.786704)
INFO:__main__:a brown dog is running through a field (-0.702665)
INFO:__main__:a man in a red shirt is riding a skateboard on a beach (-1.029607)
INFO:__main__:a man and a woman are standing in front of a crowd (-0.971277)
INFO:__main__:a black and white dog is running through the snow (-0.892150)
INFO:__main__:a brown dog and a brown dog are playing in the grass (-0.873914)
INFO:__main__:a man in a black shirt is singing into a microphone (-0.851248)
INFO:__main__:a group of people are standing in front of a building (-1.059801)
INFO:__main__:a man in a black shirt is singing into a microphone (-0.792003)
INFO:__main__:a black and white dog is running through the grass (-0.715621)
INFO:__main__:a man in a blue shirt is sitting on a rock (-1.056191)
INFO:__main__:a group of people are standing in front of a large crowd (-0.899452)
INFO:__main__:a man and a woman are walking down the street (-0.948799)
INFO:__main__:a group of people are standing in front of a restaurant (-0.806587)
INFO:__main__:a little boy in a striped shirt is playing with a toy (-1.041959)
INFO:__main__:a man and a woman are sitting on a bench in a park (-1.040076)
INFO:__main__:a man and a woman are sitting at a table in a restaurant (-0.852637)
INFO:__main__:a woman in a white shirt is holding a microphone (-1.223305)
INFO:__main__:a man and a woman are walking in the snow (-0.933338)
INFO:__main__:a man in a white shirt is standing in front of a store (-0.909619)
INFO:__main__:a man and a woman are walking down the street (-0.851716)
INFO:__main__:a young boy in a white shirt is playing soccer (-0.944837)
INFO:__main__:a man in a blue shirt is standing in front of a building (-0.915264)
INFO:__main__:a woman in a red and white dress is walking down the street (-1.053488)
INFO:__main__:a man and a woman are walking down the street (-0.893143)
INFO:__main__:a man and a woman are standing on a rock (-1.059979)
INFO:__main__:a man and a woman are walking down the street (-0.871560)
INFO:__main__:a man in a red shirt is riding a bicycle (-0.978281)
INFO:__main__:a man and a woman are sitting at a table in a restaurant (-0.919178)
INFO:__main__:a man in a blue shirt is standing in front of a building (-0.858457)
INFO:__main__:a woman in a black shirt is walking down the street (-0.883059)
INFO:__main__:a man in a white shirt is riding a bike down the street (-0.974239)
INFO:__main__:a man in a blue shirt is standing in front of a building (-0.969630)
INFO:__main__:a man and a woman are walking down a sidewalk (-0.837679)
INFO:__main__:a man is playing a guitar in front of a building (-0.895473)
INFO:__main__:a woman in a red and white dress is holding a microphone (-1.156276)
INFO:__main__:a man and a woman are walking on the beach (-0.960477)
INFO:__main__:a man is sitting on a bench in front of a building (-0.866987)
INFO:__main__:a group of people standing in front of a large building (-0.912769)
INFO:__main__:a large group of people are standing in front of a large crowd (-0.955885)
INFO:__main__:a man and a woman are walking down the street (-0.896653)
INFO:__main__:a group of people are standing in front of a building (-0.841491)
INFO:__main__:a man and a woman are standing in front of a store (-0.903982)
INFO:__main__:a man in a blue shirt is standing in front of a building (-0.903580)
INFO:__main__:a soccer player in a red jersey is about to throw a ball (-1.017987)
INFO:__main__:a man in a white shirt is talking on a cellphone (-0.930274)
INFO:__main__:a group of people are standing in front of a building (-0.848696)
INFO:__main__:a man in a black shirt is walking down the street (-0.889051)
INFO:__main__:a man and a woman are sitting at a table in a room (-1.022901)
INFO:__main__:a man in a white shirt is holding a microphone (-0.914891)
INFO:__main__:a black and white dog is jumping in the air (-0.972347)
INFO:__main__:a man in a black shirt is looking at a computer (-0.888558)
INFO:__main__:a man and a woman are sitting at a table in a restaurant (-0.848829)
INFO:__main__:a man and a woman are sitting at a table in a restaurant (-0.807924)
INFO:__main__:a man and a woman are sitting at a table in a restaurant (-0.932805)
INFO:__main__:a man in a blue shirt is walking down the street (-1.018659)
INFO:__main__:a man and a woman are walking down the street (-1.019204)
INFO:__main__:a woman in a white shirt is standing in front of a store (-0.944978)
INFO:__main__:a man in a red shirt is standing in front of a truck (-1.099575)
INFO:__main__:a little boy is playing with a toy in a living room (-1.023193)
INFO:__main__:a man in a blue shirt is sitting on a bench (-0.955027)
INFO:__main__:a man is sitting on a bench in front of a building (-0.869696)
INFO:__main__:a group of people are standing in front of a store (-1.044265)
INFO:__main__:a man and a woman are sitting at a table in a restaurant (-0.911042)
INFO:__main__:a group of people are sitting at a table in a restaurant (-0.817330)
INFO:__main__:a man is doing a trick on his skateboard on a ramp (-0.961076)
INFO:__main__:a man in a black shirt is talking on a cellphone (-0.983748)
INFO:__main__:a man and a woman are walking down the street (-0.902650)
INFO:__main__:a man in a black shirt is talking on a cellphone (-0.973070)
INFO:__main__:a man in a white shirt is walking down a sidewalk (-0.924192)
INFO:__main__:a man in a black shirt is walking down the street (-0.883896)
INFO:__main__:a man and a woman are talking to each other (-0.882732)
INFO:__main__:a young girl in a pink dress is looking at the camera (-0.949500)
INFO:__main__:a group of people are walking in a park (-0.933361)
INFO:__main__:a man in a red shirt is doing a trick on a skateboard (-1.023508)
INFO:__main__:a man is sitting on a bench in front of a building (-0.818616)
INFO:__main__:a group of people are standing in front of a building (-0.935838)
INFO:__main__:a woman in a white dress is walking down the street (-0.981344)
INFO:__main__:a man in a black t shirt is playing a guitar (-1.002002)
INFO:__main__:a man and a woman are walking along the beach (-0.829069)
INFO:__main__:a group of people walking down a street in a city (-0.911167)
INFO:__main__:a man in a red jacket is climbing a rock (-0.963678)
INFO:__main__:a man and a woman are sitting on the beach near the ocean (-0.917623)
INFO:__main__:a man and a woman are walking down the street (-0.853543)
INFO:__main__:a man in a white shirt is singing into a microphone (-0.832970)
INFO:__main__:a group of people are standing in front of a building (-0.868097)
INFO:__main__:a man and a woman are talking to each other (-0.932786)
INFO:__main__:a man and a woman are standing in front of a car (-1.010200)
INFO:__main__:a man and a woman are walking down the street (-0.937155)
INFO:__main__:a man in a white shirt is playing the guitar (-0.920461)
INFO:__main__:a woman in a white shirt is walking down the street (-0.937697)
INFO:__main__:a group of people are standing in front of a building (-1.002347)
INFO:__main__:a man is sitting on a bench in front of a building (-0.913471)
INFO:__main__:a crowd of people are standing in front of a large building (-0.893699)
INFO:__main__:a man and a woman are standing in front of a store (-0.946058)
INFO:__main__:a man and a woman are sitting at a table in a restaurant (-0.916353)
INFO:__main__:a man in a blue shirt is looking at the camera (-1.043416)
INFO:__main__:a group of people sitting on a bench in front of a building (-0.881205)
INFO:__main__:a man and a woman are walking down the street (-0.972365)
INFO:__main__:a group of people are standing in front of a building (-0.801469)
INFO:__main__:a man is riding a bike on a dirt road (-0.869760)
INFO:__main__:a group of people are riding bikes on a busy street (-0.978556)
INFO:__main__:a man is sitting on a bench in front of a building (-0.876607)
INFO:__main__:a man is climbing up a cliff into the mountains (-0.974904)
INFO:__main__:a man and a woman are walking down the street (-0.947939)
INFO:__main__:a man in a black shirt is talking on a cellphone (-0.953181)
INFO:__main__:a man in a white shirt is standing in front of a store (-0.908775)
INFO:__main__:a group of people are playing instruments on a stage (-0.922295)
INFO:__main__:a man in a black shirt is singing into a microphone (-0.850645)
INFO:__main__:a man is sitting on a bench in front of a building (-0.863696)
INFO:__main__:a man in a blue shirt is standing in front of a building (-0.904993)
INFO:__main__:a man and a woman are standing in front of a store (-0.931340)
INFO:__main__:a man and a woman are standing in front of a building (-0.986795)
INFO:__main__:a young boy in a blue shirt is jumping into the water (-1.028006)
INFO:__main__:a woman in a white tank top is looking at the camera (-1.064493)
INFO:__main__:a man in a red shirt is standing in front of a building (-1.047934)
INFO:__main__:a group of people are standing in front of a building (-0.847908)
INFO:__main__:a man in a white shirt is standing in front of a crowd (-0.949670)
INFO:__main__:a man in a cowboy hat is riding a horse in a rodeo (-0.876815)
INFO:__main__:a man in a red shirt is sleeping on a bench (-0.988189)
INFO:__main__:a man in a black shirt is talking on a cellphone (-0.969411)
INFO:__main__:a man and a woman are sitting at a table in a restaurant (-0.910028)
INFO:__main__:a man in a black shirt is talking to a woman in a black (-0.960936)
INFO:__main__:a man and a woman are standing in front of a large tree (-1.039645)
INFO:__main__:a man is sitting on a bench in front of a building (-0.811966)
INFO:__main__:a man in a blue shirt is standing in front of a store (-0.930209)
INFO:__main__:a man and a woman are walking down the street (-0.869546)
INFO:__main__:two dogs are playing tug of war in a grassy field (-0.771752)
INFO:__main__:a man in a white shirt is riding a brown horse (-0.968479)
INFO:__main__:a man and a woman are standing in front of a building (-1.010497)
INFO:__main__:a man in a black shirt is standing in front of a store (-0.943809)
INFO:__main__:a man and a woman are walking down the street (-0.855576)
INFO:__main__:a black and white dog is running through a field (-0.659396)
INFO:__main__:a man and a woman are sitting at a table in a restaurant (-0.895249)
INFO:__main__:the brown and white dog is running through the grass (-0.697610)
INFO:__main__:a group of people are standing in front of a building (-0.853225)
INFO:__main__:a man and a woman are standing in front of a store (-0.898947)
INFO:__main__:a man in a blue shirt is riding a bike down the street (-0.976205)
INFO:__main__:a man and a woman are sitting at a table in a park (-0.939975)
INFO:__main__:a man and a woman are sitting on a rock (-0.991825)
INFO:__main__:a man in a blue shirt is standing in front of a building (-1.041213)
INFO:__main__:a man in a black shirt is talking on a cellphone (-0.951140)
INFO:__main__:a group of people are standing in front of a building (-0.817634)
INFO:__main__:a man and a woman are standing in front of a building (-0.824087)
INFO:__main__:a man and a woman are walking down the street (-0.820412)
INFO:__main__:a man is riding a bike on a dirt road (-0.832208)
INFO:__main__:a group of people are walking down a path in the woods (-0.914341)
INFO:__main__:a group of people are standing in front of a restaurant (-0.769043)
INFO:__main__:a man is sitting on a bench in front of a building (-0.847523)
INFO:__main__:a man in a white shirt is jumping in the air (-1.062159)
INFO:__main__:a group of people are standing in front of a body of water (-0.806199)
INFO:__main__:a man and a woman are walking down the street (-0.898508)
INFO:__main__:a man in a white t shirt is playing a game (-1.041201)
INFO:__main__:a man is sitting on a bench in front of a building (-0.971726)
INFO:__main__:a group of people are standing in front of a building (-0.854603)
INFO:__main__:a man in a red shirt is climbing up a rock (-0.973178)
INFO:__main__:a young boy in a red shirt is playing with a soccer ball (-0.981587)
INFO:__main__:a group of people are sitting at a table in a restaurant (-0.882751)
INFO:__main__:a man in a blue shirt is playing a guitar (-0.887149)
INFO:__main__:a group of people are standing in front of a restaurant (-0.853928)
INFO:__main__:a group of people are sitting around a table in a restaurant (-0.837547)
INFO:__main__:a man and a woman are sitting on a bench in a park (-0.895166)
INFO:__main__:a man and a woman are standing in front of the ocean (-0.953900)
INFO:__main__:a black and white dog is running on the grass (-0.718503)
INFO:__main__:a group of people are standing in front of a building (-0.799640)
INFO:__main__:a man and a woman are standing in front of a store (-0.958446)
INFO:__main__:a man in a white shirt is riding a bike down the street (-0.941581)
INFO:__main__:a group of people are standing in front of a building (-0.805774)
INFO:__main__:a group of people are standing in front of a building (-0.881318)
INFO:__main__:a group of people are standing in front of a building (-0.901447)
INFO:__main__:a man and a woman are walking down a busy street (-0.981939)
INFO:__main__:a man in a red shirt is riding a motorcycle (-0.977502)
INFO:__main__:a man and a woman are standing in front of a crowd (-1.072872)
INFO:__main__:a woman in a white shirt is talking to a man in a white (-1.014159)
INFO:__main__:a man in a black shirt is standing in front of a building (-0.849372)
INFO:__main__:a man in a black shirt is talking on a cellphone (-0.853435)
INFO:__main__:a man and a woman are walking down the street (-0.876151)
INFO:__main__:a man in a white shirt is sitting at a table (-1.077711)
INFO:__main__:a man in a white shirt is riding a horse (-1.055713)
INFO:__main__:a man and a woman are walking down the street (-0.849800)
INFO:__main__:two young girls are playing in the water at the beach (-0.886472)
INFO:__main__:a man is sleeping on a bench in front of a building (-0.936986)
INFO:__main__:a man and a woman are walking down the street (-0.908219)
INFO:__main__:a man in a black shirt is singing into a microphone (-0.781407)
INFO:__main__:a man and a woman are sitting on a bench (-0.904224)
INFO:__main__:a group of people are standing in front of a building (-0.838799)
INFO:__main__:a man in a black shirt is skateboarding on a sidewalk (-0.956342)
INFO:__main__:a little girl in a pink shirt is sitting on a bench (-1.070011)
INFO:__main__:a group of people standing in front of a building (-0.867778)
INFO:__main__:a group of people are standing in front of a building (-0.714685)
INFO:__main__:a man is sitting on a bench in front of a building (-0.945675)
INFO:__main__:a group of people are standing in front of a store (-0.959899)
INFO:__main__:a group of people are standing in front of an audience (-0.981096)
INFO:__main__:a man is sitting on a bench in front of a building (-0.847561)
INFO:__main__:a man in a blue shirt is walking down the street (-1.019417)
INFO:__main__:a man is sitting on a bench in front of a building (-0.953813)
INFO:__main__:a man and a woman are sitting at a table in a restaurant (-0.827148)
INFO:__main__:a man in a blue shirt is playing a guitar on a stage (-0.973488)
INFO:__main__:a group of people are riding bikes on a sidewalk (-0.922632)
INFO:__main__:a man in a blue shirt is riding a bike down the street (-0.981690)
INFO:__main__:a man is sitting on a bench in front of a building (-0.944252)
INFO:__main__:a man is sitting on a bench in front of a building (-0.821226)
INFO:__main__:a woman in a black shirt is sitting on a couch (-1.041985)
INFO:__main__:a man is sitting on a bench in front of a building (-0.830261)
INFO:__main__:a man in a blue shirt is walking down the street (-0.964670)
INFO:__main__:a man in a cowboy hat is riding a horse in a rodeo (-0.811354)
INFO:__main__:a man in a black shirt is playing a guitar (-0.973759)
INFO:__main__:a black and white dog is running through a field of grass (-0.956583)
INFO:__main__:a man in a white shirt is standing in front of a store (-0.880647)
INFO:__main__:a man is sitting on a bench in the middle of a street (-1.025574)
INFO:__main__:a man in a blue shirt is playing the guitar (-0.923401)
INFO:__main__:a man and a woman are walking down the street (-0.865128)
INFO:__main__:a man in a red shirt is standing in front of a building (-0.954751)
INFO:__main__:a group of people are standing in front of a building (-0.883815)
INFO:__main__:a man and a woman are sitting on the edge of the water (-0.944369)
INFO:__main__:a group of people are standing in front of a building (-0.868555)
INFO:__main__:a group of people are standing in front of a building (-0.799720)
INFO:__main__:a man in a black shirt is talking on a cellphone (-0.891332)
INFO:__main__:a man and a woman are sitting at a table in a restaurant (-0.783722)
INFO:__main__:a man is sitting on a bench in front of a building (-0.892014)
INFO:__main__:a man and a woman are sitting at a table in a restaurant (-0.799373)
INFO:__main__:a man and a woman are sitting at a table in a restaurant (-0.872371)
INFO:__main__:a man in a white shirt is sleeping on a train (-0.872121)
INFO:__main__:a man and a woman are standing in front of a building (-0.842482)
INFO:__main__:a black and white dog is running through a grassy field (-0.794357)
INFO:__main__:a baseball player in a red jersey is about to hit a ball (-1.000572)
INFO:__main__:a young boy in a red shirt is playing with a red ball (-1.175476)
INFO:__main__:a little girl in a pink shirt is sitting on a bench (-0.948013)
INFO:__main__:a football player in a red jersey is about to throw a football (-0.904285)
INFO:__main__:a young girl in a pink shirt is looking at the camera (-1.073989)
INFO:__main__:a man and a woman are sitting at a table in a restaurant (-0.759146)
INFO:__main__:a man in a red shirt is climbing up a rock (-0.919105)
INFO:__main__:a man in a black shirt is standing in front of a microphone (-0.923474)
INFO:__main__:a man and a woman are sitting at a table in a restaurant (-0.803163)
INFO:__main__:a man in a red jacket is standing in the snow (-1.000553)
INFO:__main__:a group of people are standing in front of a building (-0.928450)
INFO:__main__:a man and a woman are sitting at a table in a room (-0.900764)
INFO:__main__:a young boy is sitting on a couch with his eyes closed (-1.014588)
INFO:__main__:a man is sitting on a bench in front of a building (-0.881831)
INFO:__main__:a man in a blue shirt is walking down the street (-0.871595)
INFO:__main__:a group of people are standing in front of a building (-0.857302)
INFO:__main__:a man is playing a guitar and singing into a microphone (-0.785062)
INFO:__main__:a group of people standing in front of a building (-0.998335)
INFO:__main__:a man and a woman are sitting on the edge of the water (-0.971745)
INFO:__main__:a woman in a black shirt is sitting in a chair (-1.083016)
INFO:__main__:a man is doing a trick on a snowboard in the air (-1.088929)
INFO:__main__:a little boy is playing with a toy in the grass (-0.917095)
INFO:__main__:a man is sitting on a bench in front of a building (-0.921775)
INFO:__main__:a man in a white shirt and white shorts is playing tennis (-0.957007)
INFO:__main__:a man in a yellow shirt is riding a bike on a sidewalk (-0.984828)
INFO:__main__:a man in a white shirt is sitting on a bench (-1.097102)
INFO:__main__:a man in a blue shirt is riding a bike down the street (-0.937842)
INFO:__main__:a soccer player in a red jersey is about to hit a ball (-1.020105)
INFO:__main__:a man is doing a trick on his skateboard on a beach (-0.961239)
INFO:__main__:a man in a black t shirt is playing a guitar (-0.978898)
INFO:__main__:a man in a wetsuit is surfing on a surfboard (-0.990724)
INFO:__main__:a man and a woman are sitting at a table in a restaurant (-0.910913)
INFO:__main__:a little boy is sleeping on a couch (-0.910323)
INFO:__main__:a man is sitting on a bench in front of a building (-0.948187)
INFO:__main__:a man in a white shirt works on a piece of wood (-0.992939)
INFO:__main__:a man in a blue shirt is working on a roof (-0.981474)
INFO:__main__:a man and a woman are sitting on the beach (-1.055514)
INFO:__main__:a man and a woman are sitting at a table in a restaurant (-0.933099)
INFO:__main__:a group of people are riding a bike in the woods (-0.932611)
INFO:__main__:a man and a woman are sitting at a table in a restaurant (-0.924725)
INFO:__main__:a man and a woman are dancing in front of a crowd (-0.927295)
INFO:__main__:a man in a blue shirt is standing in front of a building (-0.960653)
INFO:__main__:a man wearing a hard hat is working on a piece of wood (-1.090216)
INFO:__main__:a brown and white dog is jumping over a hurdle (-0.924086)
INFO:__main__:a man in a red jacket is climbing a rock wall (-0.956634)
INFO:__main__:a man and a woman are dancing in front of a crowd (-0.956802)
INFO:__main__:a little girl in a pink shirt is playing on a swing (-1.004450)
INFO:__main__:a young boy in a red shirt is jumping on a trampoline (-1.010480)
INFO:__main__:a group of people are standing in front of a body of water (-0.888180)
INFO:__main__:a man in a yellow shirt is working on a roof (-0.924247)
INFO:__main__:a woman in a black shirt is sitting on a bench (-1.001497)
INFO:__main__:a group of people are standing in front of a building (-0.872011)
INFO:__main__:a man in a black shirt is singing into a microphone (-0.777239)
INFO:__main__:a man and a woman are standing in front of a store (-0.916039)
INFO:__main__:a man and a woman are walking down a path in the woods (-0.998164)
INFO:__main__:a man in a black shirt is sitting in a chair (-0.964772)
INFO:__main__:a man and a woman are dancing in front of a crowd (-0.941570)
INFO:__main__:a man in a white shirt is sleeping on a couch (-1.002713)
INFO:__main__:a group of people are standing in front of a building (-0.864715)
INFO:__main__:a man is sitting on a bench in front of a building (-0.881165)
INFO:__main__:a man in a blue shirt is talking on a cellphone (-0.937815)
INFO:__main__:a group of people are standing in front of a building (-0.877267)
INFO:__main__:a young boy in a blue shirt is playing with a ball (-1.062135)
INFO:__main__:a man in a red shirt is standing in front of a truck (-1.066771)
INFO:__main__:a man in a black shirt is singing into a microphone (-0.821018)
INFO:__main__:a man and a woman are sitting on a rock in the ocean (-0.942489)
INFO:__main__:a band is playing on stage in front of a crowd (-0.850980)
INFO:__main__:a group of people are standing in front of a building (-0.749353)
INFO:__main__:a man and a woman are sitting at a table in a restaurant (-0.991682)
INFO:__main__:a man and a woman are sitting at a table in a restaurant (-0.843275)
INFO:__main__:a group of people riding bikes on a street (-0.987654)
INFO:__main__:a soccer player in a red jersey is about to hit the ball (-0.982743)
INFO:__main__:a man in a white shirt and blue shorts is playing tennis (-1.024435)
INFO:__main__:a group of people are standing in front of a large crowd (-0.994306)
INFO:__main__:two teams are playing soccer on a field (-0.937999)
INFO:__main__:a man in a red shirt is bowling in a bowling alley (-0.936799)
INFO:__main__:a group of young men are playing soccer on a field (-0.955970)
INFO:__main__:a man and a woman are sitting at a table in a restaurant (-1.045369)
INFO:__main__:a man and a woman are walking down the street (-0.875105)
INFO:__main__:a band is performing on stage in front of a crowd (-0.871413)
INFO:__main__:a football player in a red jersey is about to throw a football (-0.926363)
INFO:__main__:a man and a woman are walking down a street (-0.855845)
INFO:__main__:two teams are playing soccer on a field (-0.953945)
INFO:__main__:a basketball player in a white uniform is about to hit the ball (-1.023122)
INFO:__main__:a group of people are standing in front of a building (-0.737570)
INFO:__main__:a man in a red shirt is riding a red motorcycle (-1.129386)
INFO:__main__:a baseball player in a red jersey is about to throw a ball (-0.991854)
INFO:__main__:a young boy wearing a blue shirt is playing with a toy (-1.018432)
INFO:__main__:a man is sitting on a bench in front of a building (-0.839179)
INFO:__main__:two hockey players are competing in a hockey game (-0.876744)
INFO:__main__:a group of people are playing soccer on a grassy field (-0.938713)
INFO:__main__:a young boy in a white shirt is running on a track (-0.977491)
INFO:__main__:a man and a woman are sitting at a table in a restaurant (-0.866330)
INFO:__main__:a man in a white shirt is talking on a cellphone (-0.908624)
INFO:__main__:a man in a black shirt is sleeping on a couch (-0.935205)
INFO:__main__:a man in a blue shirt is riding a bike (-1.009696)
INFO:__main__:a man in a red jacket is standing in the snow (-0.969368)
INFO:__main__:a man and a woman are sitting at a table in a restaurant (-0.822007)
INFO:__main__:a man in a cowboy hat is riding a horse in a rodeo (-0.902847)
INFO:__main__:a man and a woman are sitting at a table in a restaurant (-0.912729)
INFO:__main__:a black and white dog is swimming in the ocean (-0.805283)
INFO:__main__:a man and a woman are talking to each other (-0.952518)
INFO:__main__:a man and a woman are dancing in front of a crowd (-0.855547)
INFO:__main__:a man in a blue shirt is standing in front of a store (-0.981826)
INFO:__main__:a man and a woman are sitting at a table in a restaurant (-0.818873)
INFO:__main__:a man in a cowboy hat is riding a horse (-0.874217)
INFO:__main__:a man in a red shirt is riding a motorcycle (-1.005347)
INFO:__main__:a man wearing a cowboy hat is riding a horse in a rodeo (-1.008763)
INFO:__main__:a man is doing a trick on a snowboard on the beach (-1.097251)
INFO:__main__:a man in a black shirt is standing in front of a building (-0.889950)
INFO:__main__:a man and a woman are dancing in front of a crowd (-0.967497)
INFO:__main__:a man and a woman are standing next to a body of water (-0.905800)
INFO:__main__:a man and a woman are sitting at a table in a restaurant (-0.873417)
INFO:__main__:a group of people are standing outside of a restaurant (-0.943800)
INFO:__main__:a man in a white shirt and blue jeans is playing a game (-1.120628)
INFO:__main__:a man in a white shirt is riding a skateboard down the street (-1.104494)
INFO:__main__:a man in a red shirt is standing in front of a building (-1.010702)
INFO:__main__:a man is surfing on a surfboard in the ocean (-0.901552)
INFO:__main__:a man wearing a white shirt is playing a guitar (-0.858020)
INFO:__main__:a football player in a red jersey is about to hit the ball (-0.989259)
INFO:__main__:a man and a woman are playing soccer in a grassy field (-0.987224)
INFO:__main__:a man and a woman are standing in front of a store (-0.892000)
INFO:__main__:a group of people are standing in front of a building (-0.834333)
INFO:__main__:a man in a red shirt is riding a skateboard on the beach (-0.971151)
INFO:__main__:a man in a black shirt is surfing on a surfboard (-1.000639)
INFO:__main__:a man and a woman are sitting at a table in a restaurant (-0.843711)
INFO:__main__:a man and a woman are sitting at a table in a restaurant (-0.795591)
INFO:__main__:a man in a hard hat is working on a roof (-0.840174)
INFO:__main__:a man in a white shirt is standing in front of a counter (-0.976721)
INFO:__main__:a group of people are standing in front of a crowd of people (-0.957014)
INFO:__main__:a man in a red helmet is riding a bike (-0.952383)
INFO:__main__:a man in a blue shirt is riding a bike (-0.944046)
INFO:__main__:a black and white dog is jumping over a hurdle (-0.799639)
INFO:__main__:a little boy in a blue shirt is playing with a toy (-1.016406)
INFO:__main__:a football player in a red jersey is about to hit the ball (-1.025308)
INFO:__main__:a man is playing a guitar and singing into a microphone (-0.813903)
INFO:__main__:a man in a yellow shirt is standing in front of a building (-0.982059)
INFO:__main__:a man in a white shirt and blue shorts is playing tennis (-0.944221)
INFO:__main__:a man in a white shirt is playing a guitar (-0.868872)
INFO:__main__:a man in a red shirt is walking down the street (-0.907525)
INFO:__main__:a black and white dog is jumping over a hurdle (-0.888565)
INFO:__main__:a man in a blue shirt is working on a roof (-0.898309)
INFO:__main__:a man and a woman are sitting at a table in a restaurant (-0.956612)
INFO:__main__:a man and a woman are standing in front of the water (-1.005601)
INFO:__main__:a man and a woman are sitting on a bench (-1.065765)
INFO:__main__:a man and a woman are playing volleyball on a beach (-0.900689)
INFO:__main__:a man in a red shirt is sleeping on a blanket (-1.060994)
INFO:__main__:a man and a woman are standing in front of a store (-0.886127)
INFO:__main__:a man and a woman are walking down a path in the woods (-0.994305)
INFO:__main__:a man is riding a bike on a busy street (-0.934341)
INFO:__main__:a man in a white shirt is standing in front of a microphone (-0.859360)
INFO:__main__:a man is riding a bike on a dirt road (-0.871507)
INFO:__main__:a woman in a white dress is sitting on a couch (-1.134199)
INFO:__main__:a man is riding a bike on a dirt road (-0.866185)
INFO:__main__:a group of people are riding a bike in a race (-0.958472)
INFO:__main__:a football player in a red jersey is about to hit the ball (-0.965460)
INFO:__main__:a football player in a red jersey is about to hit the ball (-0.970862)
INFO:__main__:a basketball player in a white uniform is about to hit the ball (-0.964230)
INFO:__main__:a man and a woman are walking down the street (-0.834117)
INFO:__main__:a football player in a red jersey is about to throw a football (-0.966972)
INFO:__main__:a man is riding a bike on a dirt road (-0.958034)
INFO:__main__:a basketball player in a red jersey is about to hit the ball (-0.986241)
INFO:__main__:a man in a blue shirt is skateboarding on a skateboard (-0.960941)
INFO:__main__:a man and a woman are walking down a sidewalk (-0.944873)
INFO:__main__:a man is sitting on a bench in front of a building (-0.873608)
INFO:__main__:a baseball player in a red jersey is about to throw a ball (-1.008552)
INFO:__main__:a group of people standing in front of a large tree (-0.839243)
INFO:__main__:a small brown dog is playing with a white ball (-0.940047)
INFO:__main__:a man in a cowboy hat is riding a horse in a rodeo (-0.879007)
INFO:__main__:a man and a woman are sitting at a table in a restaurant (-0.829651)
INFO:__main__:a man in a white shirt works on a piece of wood (-0.982836)
INFO:__main__:a man and a woman are walking down the street (-0.833464)
INFO:__main__:a man and a woman are walking down the street (-0.987802)
INFO:__main__:a man is sitting on a bench in front of a building (-1.090525)
INFO:__main__:a man and a woman are standing in front of a restaurant (-0.863363)
INFO:__main__:a man and a woman are swimming in a body of water (-0.974002)
BLEU = 15.55, 57.7/24.6/9.8/4.2 (BP=1.000, ratio=1.023, hyp_len=11520, ref_len=11262)
